#
# There is insufficient memory for the Java Runtime Environment to continue.
# Native memory allocation (malloc) failed to allocate 281136 bytes for Chunk::new
# Possible reasons:
#   The system is out of physical RAM or swap space
#   The process is running with CompressedOops enabled, and the Java Heap may be blocking the growth of the native heap
# Possible solutions:
#   Reduce memory load on the system
#   Increase physical memory or swap space
#   Check if swap backing store is full
#   Decrease Java heap size (-Xmx/-Xms)
#   Decrease number of Java threads
#   Decrease Java thread stack sizes (-Xss)
#   Set larger code cache with -XX:ReservedCodeCacheSize=
#   JVM is running with Unscaled Compressed Oops mode in which the Java heap is
#     placed in the first 4GB address space. The Java Heap base address is the
#     maximum limit for the native heap growth. Please use -XX:HeapBaseMinAddress
#     to set the Java Heap base and to place the Java Heap above 4GB virtual address.
# This output file may be truncated or incomplete.
#
#  Out of Memory Error (arena.cpp:168), pid=28108, tid=25536
#
# JRE version: Java(TM) SE Runtime Environment (21.0.7+8) (build 21.0.7+8-LTS-245)
# Java VM: Java HotSpot(TM) 64-Bit Server VM (21.0.7+8-LTS-245, mixed mode, sharing, tiered, compressed oops, compressed class ptrs, g1 gc, windows-amd64)
# No core dump will be written. Minidumps are not enabled by default on client versions of Windows
#

---------------  S U M M A R Y ------------

Command Line: -Xmx1g -XX:+IgnoreUnrecognizedVMOptions --add-opens=java.base/java.lang=ALL-UNNAMED --add-opens=java.base/java.lang.invoke=ALL-UNNAMED --add-opens=java.base/java.lang.reflect=ALL-UNNAMED --add-opens=java.base/java.io=ALL-UNNAMED --add-opens=java.base/java.net=ALL-UNNAMED --add-opens=java.base/java.nio=ALL-UNNAMED --add-opens=java.base/java.util=ALL-UNNAMED --add-opens=java.base/java.util.concurrent=ALL-UNNAMED --add-opens=java.base/java.util.concurrent.atomic=ALL-UNNAMED --add-opens=java.base/sun.nio.ch=ALL-UNNAMED --add-opens=java.base/sun.nio.cs=ALL-UNNAMED --add-opens=java.base/sun.security.action=ALL-UNNAMED --add-opens=java.base/sun.util.calendar=ALL-UNNAMED --add-opens=java.security.jgss/sun.security.krb5=ALL-UNNAMED -Djdk.reflect.useDirectMethodHandle=false org.apache.spark.deploy.SparkSubmit --conf spark.app.name=StreamSight-ClickStream-Processor --conf spark.sql.shuffle.partitions=2 --conf spark.jars=P:\streamsight_complete\streamsight_complete\backend\spark-processor\jars\spark-sql-kafka-0-10_2.12-3.5.0.jar,P:\streamsight_complete\streamsight_complete\backend\spark-processor\jars\kafka-clients-3.4.1.jar,P:\streamsight_complete\streamsight_complete\backend\spark-processor\jars\spark-token-provider-kafka-0-10_2.12-3.5.0.jar,P:\streamsight_complete\streamsight_complete\backend\spark-processor\jars\spark-streaming-kafka-0-10_2.12-3.5.0.jar,P:\streamsight_complete\streamsight_complete\backend\spark-processor\jars\commons-pool2-2.11.1.jar pyspark-shell

Host: 11th Gen Intel(R) Core(TM) i5-11400H @ 2.70GHz, 12 cores, 7G,  Windows 11 , 64 bit Build 26100 (10.0.26100.7920)
Time: Tue Apr  7 03:00:00 2026 India Standard Time elapsed time: 2.959916 seconds (0d 0h 0m 2s)

---------------  T H R E A D  ---------------

Current thread (0x000001d6bd852d10):  JavaThread "C2 CompilerThread0" daemon [_thread_in_native, id=25536, stack(0x000000b104e00000,0x000000b104f00000) (1024K)]


Current CompileTask:
C2:   2960 2072       4       jdk.internal.org.objectweb.asm.SymbolTable::addConstantUtf8 (98 bytes)

Stack: [0x000000b104e00000,0x000000b104f00000]
Native frames: (J=compiled Java code, j=interpreted, Vv=VM code, C=native code)
V  [jvm.dll+0x6cae19]
V  [jvm.dll+0x855741]
V  [jvm.dll+0x857c6e]
V  [jvm.dll+0x858343]
V  [jvm.dll+0x27e0b6]
V  [jvm.dll+0xc4ecd]
V  [jvm.dll+0xc5403]
V  [jvm.dll+0x3b5752]
V  [jvm.dll+0x381e25]
V  [jvm.dll+0x38129a]
V  [jvm.dll+0x246b30]
V  [jvm.dll+0x24610f]
V  [jvm.dll+0x1c6efe]
V  [jvm.dll+0x255819]
V  [jvm.dll+0x253daa]
V  [jvm.dll+0x3eebb6]
V  [jvm.dll+0x7ffa1b]
V  [jvm.dll+0x6c94fd]
C  [ucrtbase.dll+0x37b0]
C  [KERNEL32.DLL+0x2e8d7]
C  [ntdll.dll+0x8c48c]


---------------  P R O C E S S  ---------------

Threads class SMR info:
_java_thread_list=0x000001d6845911c0, length=11, elements={
0x000001d6a00b1df0, 0x000001d6bd8449d0, 0x000001d6bd846140, 0x000001d6bd84ba00,
0x000001d6bd84d590, 0x000001d6bd84fa20, 0x000001d6bd850470, 0x000001d6bd852d10,
0x000001d6bd85ba30, 0x000001d6bdad9070, 0x000001d6bdbf8bd0
}

Java Threads: ( => current thread )
  0x000001d6a00b1df0 JavaThread "main"                              [_thread_in_vm, id=26740, stack(0x000000b104000000,0x000000b104100000) (1024K)]
  0x000001d6bd8449d0 JavaThread "Reference Handler"          daemon [_thread_blocked, id=5024, stack(0x000000b104800000,0x000000b104900000) (1024K)]
  0x000001d6bd846140 JavaThread "Finalizer"                  daemon [_thread_blocked, id=17592, stack(0x000000b104900000,0x000000b104a00000) (1024K)]
  0x000001d6bd84ba00 JavaThread "Signal Dispatcher"          daemon [_thread_blocked, id=1964, stack(0x000000b104a00000,0x000000b104b00000) (1024K)]
  0x000001d6bd84d590 JavaThread "Attach Listener"            daemon [_thread_blocked, id=3592, stack(0x000000b104b00000,0x000000b104c00000) (1024K)]
  0x000001d6bd84fa20 JavaThread "Service Thread"             daemon [_thread_blocked, id=13436, stack(0x000000b104c00000,0x000000b104d00000) (1024K)]
  0x000001d6bd850470 JavaThread "Monitor Deflation Thread"   daemon [_thread_blocked, id=12284, stack(0x000000b104d00000,0x000000b104e00000) (1024K)]
=>0x000001d6bd852d10 JavaThread "C2 CompilerThread0"         daemon [_thread_in_native, id=25536, stack(0x000000b104e00000,0x000000b104f00000) (1024K)]
  0x000001d6bd85ba30 JavaThread "C1 CompilerThread0"         daemon [_thread_blocked, id=28216, stack(0x000000b104f00000,0x000000b105000000) (1024K)]
  0x000001d6bdad9070 JavaThread "Common-Cleaner"             daemon [_thread_blocked, id=11996, stack(0x000000b105000000,0x000000b105100000) (1024K)]
  0x000001d6bdbf8bd0 JavaThread "Notification Thread"        daemon [_thread_blocked, id=18332, stack(0x000000b105100000,0x000000b105200000) (1024K)]
Total: 11

Other Threads:
  0x000001d6bd822260 VMThread "VM Thread"                           [id=28848, stack(0x000000b104700000,0x000000b104800000) (1024K)]
  0x000001d6bd810060 WatcherThread "VM Periodic Task Thread"        [id=21372, stack(0x000000b104600000,0x000000b104700000) (1024K)]
  0x000001d6a00eb940 WorkerThread "GC Thread#0"                     [id=28372, stack(0x000000b104100000,0x000000b104200000) (1024K)]
  0x000001d6bd822d40 WorkerThread "GC Thread#1"                     [id=3836, stack(0x000000b105300000,0x000000b105400000) (1024K)]
  0x000001d6bd822600 WorkerThread "GC Thread#2"                     [id=4276, stack(0x000000b105400000,0x000000b105500000) (1024K)]
  0x000001d6bd8229a0 WorkerThread "GC Thread#3"                     [id=19164, stack(0x000000b105500000,0x000000b105600000) (1024K)]
  0x000001d684b55c90 WorkerThread "GC Thread#4"                     [id=4752, stack(0x000000b105600000,0x000000b105700000) (1024K)]
  0x000001d684b58470 WorkerThread "GC Thread#5"                     [id=18448, stack(0x000000b105700000,0x000000b105800000) (1024K)]
  0x000001d684b57990 WorkerThread "GC Thread#6"                     [id=25604, stack(0x000000b105800000,0x000000b105900000) (1024K)]
  0x000001d684b580d0 WorkerThread "GC Thread#7"                     [id=19640, stack(0x000000b105900000,0x000000b105a00000) (1024K)]
  0x000001d6a00f4830 ConcurrentGCThread "G1 Main Marker"            [id=17008, stack(0x000000b104200000,0x000000b104300000) (1024K)]
  0x000001d6a00f6f40 WorkerThread "G1 Conc#0"                       [id=15164, stack(0x000000b104300000,0x000000b104400000) (1024K)]
  0x000001d6bd6e1560 ConcurrentGCThread "G1 Refine#0"               [id=7008, stack(0x000000b104400000,0x000000b104500000) (1024K)]
  0x000001d6bd6e2e90 ConcurrentGCThread "G1 Service"                [id=18384, stack(0x000000b104500000,0x000000b104600000) (1024K)]
Total: 14

Threads with active compile tasks:
C2 CompilerThread0     2995 2072       4       jdk.internal.org.objectweb.asm.SymbolTable::addConstantUtf8 (98 bytes)
Total: 1

VM state: not at safepoint (normal execution)

VM Mutex/Monitor currently owned by a thread: None

Heap address: 0x00000000c0000000, size: 1024 MB, Compressed Oops mode: 32-bit

CDS archive(s) mapped at: [0x000001d6be000000-0x000001d6bec90000-0x000001d6bec90000), size 13172736, SharedBaseAddress: 0x000001d6be000000, ArchiveRelocationMode: 1.
Compressed class space mapped at: 0x000001d6bf000000-0x000001d6ff000000, reserved size: 1073741824
Narrow klass base: 0x000001d6be000000, Narrow klass shift: 0, Narrow klass range: 0x100000000

GC Precious Log:
 CardTable entry size: 512
 Card Set container configuration: InlinePtr #cards 5 size 8 Array Of Cards #cards 12 size 40 Howl #buckets 4 coarsen threshold 1843 Howl Bitmap #cards 512 size 80 coarsen threshold 460 Card regions per heap region 1 cards per card region 2048
 CPUs: 12 total, 12 available
 Memory: 7914M
 Large Page Support: Disabled
 NUMA Support: Disabled
 Compressed Oops: Enabled (32-bit)
 Heap Region Size: 1M
 Heap Min Capacity: 8M
 Heap Initial Capacity: 124M
 Heap Max Capacity: 1G
 Pre-touch: Disabled
 Parallel Workers: 10
 Concurrent Workers: 3
 Concurrent Refinement Workers: 10
 Periodic GC: Disabled

Heap:
 garbage-first heap   total 126976K, used 48412K [0x00000000c0000000, 0x0000000100000000)
  region size 1024K, 26 young (26624K), 3 survivors (3072K)
 Metaspace       used 17796K, committed 18048K, reserved 1114112K
  class space    used 2435K, committed 2560K, reserved 1048576K

Heap Regions: E=young(eden), S=young(survivor), O=old, HS=humongous(starts), HC=humongous(continues), CS=collection set, F=free, TAMS=top-at-mark-start, PB=parsable bottom
|   0|0x00000000c0000000, 0x00000000c0100000, 0x00000000c0100000|100%|HS|  |TAMS 0x00000000c0000000| PB 0x00000000c0000000| Complete 
|   1|0x00000000c0100000, 0x00000000c0200000, 0x00000000c0200000|100%|HS|  |TAMS 0x00000000c0100000| PB 0x00000000c0100000| Complete 
|   2|0x00000000c0200000, 0x00000000c0300000, 0x00000000c0300000|100%|HC|  |TAMS 0x00000000c0200000| PB 0x00000000c0200000| Complete 
|   3|0x00000000c0300000, 0x00000000c0400000, 0x00000000c0400000|100%|HS|  |TAMS 0x00000000c0300000| PB 0x00000000c0300000| Complete 
|   4|0x00000000c0400000, 0x00000000c0500000, 0x00000000c0500000|100%|HC|  |TAMS 0x00000000c0400000| PB 0x00000000c0400000| Complete 
|   5|0x00000000c0500000, 0x00000000c0600000, 0x00000000c0600000|100%|HC|  |TAMS 0x00000000c0500000| PB 0x00000000c0500000| Complete 
|   6|0x00000000c0600000, 0x00000000c0700000, 0x00000000c0700000|100%|HS|  |TAMS 0x00000000c0600000| PB 0x00000000c0600000| Complete 
|   7|0x00000000c0700000, 0x00000000c0800000, 0x00000000c0800000|100%|HS|  |TAMS 0x00000000c0700000| PB 0x00000000c0700000| Complete 
|   8|0x00000000c0800000, 0x00000000c0900000, 0x00000000c0900000|100%|HS|  |TAMS 0x00000000c0800000| PB 0x00000000c0800000| Complete 
|   9|0x00000000c0900000, 0x00000000c0a00000, 0x00000000c0a00000|100%| O|  |TAMS 0x00000000c0900000| PB 0x00000000c0900000| Untracked 
|  10|0x00000000c0a00000, 0x00000000c0b00000, 0x00000000c0b00000|100%| O|  |TAMS 0x00000000c0a00000| PB 0x00000000c0a00000| Untracked 
|  11|0x00000000c0b00000, 0x00000000c0c00000, 0x00000000c0c00000|100%| O|  |TAMS 0x00000000c0b00000| PB 0x00000000c0b00000| Untracked 
|  12|0x00000000c0c00000, 0x00000000c0d00000, 0x00000000c0d00000|100%| O|  |TAMS 0x00000000c0c00000| PB 0x00000000c0c00000| Untracked 
|  13|0x00000000c0d00000, 0x00000000c0e00000, 0x00000000c0e00000|100%| O|  |TAMS 0x00000000c0d00000| PB 0x00000000c0d00000| Untracked 
|  14|0x00000000c0e00000, 0x00000000c0f00000, 0x00000000c0f00000|100%| O|  |TAMS 0x00000000c0e00000| PB 0x00000000c0e00000| Untracked 
|  15|0x00000000c0f00000, 0x00000000c1000000, 0x00000000c1000000|100%| O|  |TAMS 0x00000000c0f00000| PB 0x00000000c0f00000| Untracked 
|  16|0x00000000c1000000, 0x00000000c1100000, 0x00000000c1100000|100%| O|  |TAMS 0x00000000c1000000| PB 0x00000000c1000000| Untracked 
|  17|0x00000000c1100000, 0x00000000c1200000, 0x00000000c1200000|100%| O|  |TAMS 0x00000000c1100000| PB 0x00000000c1100000| Untracked 
|  18|0x00000000c1200000, 0x00000000c1300000, 0x00000000c1300000|100%| O|  |TAMS 0x00000000c1200000| PB 0x00000000c1200000| Untracked 
|  19|0x00000000c1300000, 0x00000000c1400000, 0x00000000c1400000|100%| O|  |TAMS 0x00000000c1300000| PB 0x00000000c1300000| Untracked 
|  20|0x00000000c1400000, 0x00000000c1500000, 0x00000000c1500000|100%| O|  |TAMS 0x00000000c1400000| PB 0x00000000c1400000| Untracked 
|  21|0x00000000c1500000, 0x00000000c1600000, 0x00000000c1600000|100%| O|  |TAMS 0x00000000c1500000| PB 0x00000000c1500000| Untracked 
|  22|0x00000000c1600000, 0x00000000c165b2d0, 0x00000000c1700000| 35%| O|  |TAMS 0x00000000c1600000| PB 0x00000000c1600000| Untracked 
|  23|0x00000000c1700000, 0x00000000c1700000, 0x00000000c1800000|  0%| F|  |TAMS 0x00000000c1700000| PB 0x00000000c1700000| Untracked 
|  24|0x00000000c1800000, 0x00000000c1800000, 0x00000000c1900000|  0%| F|  |TAMS 0x00000000c1800000| PB 0x00000000c1800000| Untracked 
|  25|0x00000000c1900000, 0x00000000c1900000, 0x00000000c1a00000|  0%| F|  |TAMS 0x00000000c1900000| PB 0x00000000c1900000| Untracked 
|  26|0x00000000c1a00000, 0x00000000c1a00000, 0x00000000c1b00000|  0%| F|  |TAMS 0x00000000c1a00000| PB 0x00000000c1a00000| Untracked 
|  27|0x00000000c1b00000, 0x00000000c1b00000, 0x00000000c1c00000|  0%| F|  |TAMS 0x00000000c1b00000| PB 0x00000000c1b00000| Untracked 
|  28|0x00000000c1c00000, 0x00000000c1c00000, 0x00000000c1d00000|  0%| F|  |TAMS 0x00000000c1c00000| PB 0x00000000c1c00000| Untracked 
|  29|0x00000000c1d00000, 0x00000000c1d00000, 0x00000000c1e00000|  0%| F|  |TAMS 0x00000000c1d00000| PB 0x00000000c1d00000| Untracked 
|  30|0x00000000c1e00000, 0x00000000c1e00000, 0x00000000c1f00000|  0%| F|  |TAMS 0x00000000c1e00000| PB 0x00000000c1e00000| Untracked 
|  31|0x00000000c1f00000, 0x00000000c1f00000, 0x00000000c2000000|  0%| F|  |TAMS 0x00000000c1f00000| PB 0x00000000c1f00000| Untracked 
|  32|0x00000000c2000000, 0x00000000c2000000, 0x00000000c2100000|  0%| F|  |TAMS 0x00000000c2000000| PB 0x00000000c2000000| Untracked 
|  33|0x00000000c2100000, 0x00000000c2100000, 0x00000000c2200000|  0%| F|  |TAMS 0x00000000c2100000| PB 0x00000000c2100000| Untracked 
|  34|0x00000000c2200000, 0x00000000c2200000, 0x00000000c2300000|  0%| F|  |TAMS 0x00000000c2200000| PB 0x00000000c2200000| Untracked 
|  35|0x00000000c2300000, 0x00000000c2300000, 0x00000000c2400000|  0%| F|  |TAMS 0x00000000c2300000| PB 0x00000000c2300000| Untracked 
|  36|0x00000000c2400000, 0x00000000c2400000, 0x00000000c2500000|  0%| F|  |TAMS 0x00000000c2400000| PB 0x00000000c2400000| Untracked 
|  37|0x00000000c2500000, 0x00000000c2500000, 0x00000000c2600000|  0%| F|  |TAMS 0x00000000c2500000| PB 0x00000000c2500000| Untracked 
|  38|0x00000000c2600000, 0x00000000c2600000, 0x00000000c2700000|  0%| F|  |TAMS 0x00000000c2600000| PB 0x00000000c2600000| Untracked 
|  39|0x00000000c2700000, 0x00000000c2700000, 0x00000000c2800000|  0%| F|  |TAMS 0x00000000c2700000| PB 0x00000000c2700000| Untracked 
|  40|0x00000000c2800000, 0x00000000c2800000, 0x00000000c2900000|  0%| F|  |TAMS 0x00000000c2800000| PB 0x00000000c2800000| Untracked 
|  41|0x00000000c2900000, 0x00000000c2900000, 0x00000000c2a00000|  0%| F|  |TAMS 0x00000000c2900000| PB 0x00000000c2900000| Untracked 
|  42|0x00000000c2a00000, 0x00000000c2a00000, 0x00000000c2b00000|  0%| F|  |TAMS 0x00000000c2a00000| PB 0x00000000c2a00000| Untracked 
|  43|0x00000000c2b00000, 0x00000000c2b00000, 0x00000000c2c00000|  0%| F|  |TAMS 0x00000000c2b00000| PB 0x00000000c2b00000| Untracked 
|  44|0x00000000c2c00000, 0x00000000c2c00000, 0x00000000c2d00000|  0%| F|  |TAMS 0x00000000c2c00000| PB 0x00000000c2c00000| Untracked 
|  45|0x00000000c2d00000, 0x00000000c2d00000, 0x00000000c2e00000|  0%| F|  |TAMS 0x00000000c2d00000| PB 0x00000000c2d00000| Untracked 
|  46|0x00000000c2e00000, 0x00000000c2e00000, 0x00000000c2f00000|  0%| F|  |TAMS 0x00000000c2e00000| PB 0x00000000c2e00000| Untracked 
|  47|0x00000000c2f00000, 0x00000000c2f00000, 0x00000000c3000000|  0%| F|  |TAMS 0x00000000c2f00000| PB 0x00000000c2f00000| Untracked 
|  48|0x00000000c3000000, 0x00000000c3000000, 0x00000000c3100000|  0%| F|  |TAMS 0x00000000c3000000| PB 0x00000000c3000000| Untracked 
|  49|0x00000000c3100000, 0x00000000c3100000, 0x00000000c3200000|  0%| F|  |TAMS 0x00000000c3100000| PB 0x00000000c3100000| Untracked 
|  50|0x00000000c3200000, 0x00000000c3200000, 0x00000000c3300000|  0%| F|  |TAMS 0x00000000c3200000| PB 0x00000000c3200000| Untracked 
|  51|0x00000000c3300000, 0x00000000c3300000, 0x00000000c3400000|  0%| F|  |TAMS 0x00000000c3300000| PB 0x00000000c3300000| Untracked 
|  52|0x00000000c3400000, 0x00000000c3400000, 0x00000000c3500000|  0%| F|  |TAMS 0x00000000c3400000| PB 0x00000000c3400000| Untracked 
|  53|0x00000000c3500000, 0x00000000c3500000, 0x00000000c3600000|  0%| F|  |TAMS 0x00000000c3500000| PB 0x00000000c3500000| Untracked 
|  54|0x00000000c3600000, 0x00000000c3600000, 0x00000000c3700000|  0%| F|  |TAMS 0x00000000c3600000| PB 0x00000000c3600000| Untracked 
|  55|0x00000000c3700000, 0x00000000c3700000, 0x00000000c3800000|  0%| F|  |TAMS 0x00000000c3700000| PB 0x00000000c3700000| Untracked 
|  56|0x00000000c3800000, 0x00000000c3800000, 0x00000000c3900000|  0%| F|  |TAMS 0x00000000c3800000| PB 0x00000000c3800000| Untracked 
|  57|0x00000000c3900000, 0x00000000c3900000, 0x00000000c3a00000|  0%| F|  |TAMS 0x00000000c3900000| PB 0x00000000c3900000| Untracked 
|  58|0x00000000c3a00000, 0x00000000c3a00000, 0x00000000c3b00000|  0%| F|  |TAMS 0x00000000c3a00000| PB 0x00000000c3a00000| Untracked 
|  59|0x00000000c3b00000, 0x00000000c3b00000, 0x00000000c3c00000|  0%| F|  |TAMS 0x00000000c3b00000| PB 0x00000000c3b00000| Untracked 
|  60|0x00000000c3c00000, 0x00000000c3c00000, 0x00000000c3d00000|  0%| F|  |TAMS 0x00000000c3c00000| PB 0x00000000c3c00000| Untracked 
|  61|0x00000000c3d00000, 0x00000000c3d00000, 0x00000000c3e00000|  0%| F|  |TAMS 0x00000000c3d00000| PB 0x00000000c3d00000| Untracked 
|  62|0x00000000c3e00000, 0x00000000c3e00000, 0x00000000c3f00000|  0%| F|  |TAMS 0x00000000c3e00000| PB 0x00000000c3e00000| Untracked 
|  63|0x00000000c3f00000, 0x00000000c3f00000, 0x00000000c4000000|  0%| F|  |TAMS 0x00000000c3f00000| PB 0x00000000c3f00000| Untracked 
|  64|0x00000000c4000000, 0x00000000c4000000, 0x00000000c4100000|  0%| F|  |TAMS 0x00000000c4000000| PB 0x00000000c4000000| Untracked 
|  65|0x00000000c4100000, 0x00000000c4100000, 0x00000000c4200000|  0%| F|  |TAMS 0x00000000c4100000| PB 0x00000000c4100000| Untracked 
|  66|0x00000000c4200000, 0x00000000c4200000, 0x00000000c4300000|  0%| F|  |TAMS 0x00000000c4200000| PB 0x00000000c4200000| Untracked 
|  67|0x00000000c4300000, 0x00000000c4300000, 0x00000000c4400000|  0%| F|  |TAMS 0x00000000c4300000| PB 0x00000000c4300000| Untracked 
|  68|0x00000000c4400000, 0x00000000c4400000, 0x00000000c4500000|  0%| F|  |TAMS 0x00000000c4400000| PB 0x00000000c4400000| Untracked 
|  69|0x00000000c4500000, 0x00000000c4500000, 0x00000000c4600000|  0%| F|  |TAMS 0x00000000c4500000| PB 0x00000000c4500000| Untracked 
|  70|0x00000000c4600000, 0x00000000c4600000, 0x00000000c4700000|  0%| F|  |TAMS 0x00000000c4600000| PB 0x00000000c4600000| Untracked 
|  71|0x00000000c4700000, 0x00000000c4700000, 0x00000000c4800000|  0%| F|  |TAMS 0x00000000c4700000| PB 0x00000000c4700000| Untracked 
|  72|0x00000000c4800000, 0x00000000c4800000, 0x00000000c4900000|  0%| F|  |TAMS 0x00000000c4800000| PB 0x00000000c4800000| Untracked 
|  73|0x00000000c4900000, 0x00000000c4900000, 0x00000000c4a00000|  0%| F|  |TAMS 0x00000000c4900000| PB 0x00000000c4900000| Untracked 
|  74|0x00000000c4a00000, 0x00000000c4a00000, 0x00000000c4b00000|  0%| F|  |TAMS 0x00000000c4a00000| PB 0x00000000c4a00000| Untracked 
|  75|0x00000000c4b00000, 0x00000000c4b00000, 0x00000000c4c00000|  0%| F|  |TAMS 0x00000000c4b00000| PB 0x00000000c4b00000| Untracked 
|  76|0x00000000c4c00000, 0x00000000c4c00000, 0x00000000c4d00000|  0%| F|  |TAMS 0x00000000c4c00000| PB 0x00000000c4c00000| Untracked 
|  77|0x00000000c4d00000, 0x00000000c4d00000, 0x00000000c4e00000|  0%| F|  |TAMS 0x00000000c4d00000| PB 0x00000000c4d00000| Untracked 
|  78|0x00000000c4e00000, 0x00000000c4e00000, 0x00000000c4f00000|  0%| F|  |TAMS 0x00000000c4e00000| PB 0x00000000c4e00000| Untracked 
|  79|0x00000000c4f00000, 0x00000000c4f00000, 0x00000000c5000000|  0%| F|  |TAMS 0x00000000c4f00000| PB 0x00000000c4f00000| Untracked 
|  80|0x00000000c5000000, 0x00000000c5000000, 0x00000000c5100000|  0%| F|  |TAMS 0x00000000c5000000| PB 0x00000000c5000000| Untracked 
|  81|0x00000000c5100000, 0x00000000c5100000, 0x00000000c5200000|  0%| F|  |TAMS 0x00000000c5100000| PB 0x00000000c5100000| Untracked 
|  82|0x00000000c5200000, 0x00000000c5200000, 0x00000000c5300000|  0%| F|  |TAMS 0x00000000c5200000| PB 0x00000000c5200000| Untracked 
|  83|0x00000000c5300000, 0x00000000c5300000, 0x00000000c5400000|  0%| F|  |TAMS 0x00000000c5300000| PB 0x00000000c5300000| Untracked 
|  84|0x00000000c5400000, 0x00000000c5400000, 0x00000000c5500000|  0%| F|  |TAMS 0x00000000c5400000| PB 0x00000000c5400000| Untracked 
|  85|0x00000000c5500000, 0x00000000c5500000, 0x00000000c5600000|  0%| F|  |TAMS 0x00000000c5500000| PB 0x00000000c5500000| Untracked 
|  86|0x00000000c5600000, 0x00000000c5600000, 0x00000000c5700000|  0%| F|  |TAMS 0x00000000c5600000| PB 0x00000000c5600000| Untracked 
|  87|0x00000000c5700000, 0x00000000c5700000, 0x00000000c5800000|  0%| F|  |TAMS 0x00000000c5700000| PB 0x00000000c5700000| Untracked 
|  88|0x00000000c5800000, 0x00000000c5800000, 0x00000000c5900000|  0%| F|  |TAMS 0x00000000c5800000| PB 0x00000000c5800000| Untracked 
|  89|0x00000000c5900000, 0x00000000c5900000, 0x00000000c5a00000|  0%| F|  |TAMS 0x00000000c5900000| PB 0x00000000c5900000| Untracked 
|  90|0x00000000c5a00000, 0x00000000c5a00000, 0x00000000c5b00000|  0%| F|  |TAMS 0x00000000c5a00000| PB 0x00000000c5a00000| Untracked 
|  91|0x00000000c5b00000, 0x00000000c5b00000, 0x00000000c5c00000|  0%| F|  |TAMS 0x00000000c5b00000| PB 0x00000000c5b00000| Untracked 
|  92|0x00000000c5c00000, 0x00000000c5c00000, 0x00000000c5d00000|  0%| F|  |TAMS 0x00000000c5c00000| PB 0x00000000c5c00000| Untracked 
|  93|0x00000000c5d00000, 0x00000000c5d00000, 0x00000000c5e00000|  0%| F|  |TAMS 0x00000000c5d00000| PB 0x00000000c5d00000| Untracked 
|  94|0x00000000c5e00000, 0x00000000c5e00000, 0x00000000c5f00000|  0%| F|  |TAMS 0x00000000c5e00000| PB 0x00000000c5e00000| Untracked 
|  95|0x00000000c5f00000, 0x00000000c5f00000, 0x00000000c6000000|  0%| F|  |TAMS 0x00000000c5f00000| PB 0x00000000c5f00000| Untracked 
|  96|0x00000000c6000000, 0x00000000c6000000, 0x00000000c6100000|  0%| F|  |TAMS 0x00000000c6000000| PB 0x00000000c6000000| Untracked 
|  97|0x00000000c6100000, 0x00000000c6100000, 0x00000000c6200000|  0%| F|  |TAMS 0x00000000c6100000| PB 0x00000000c6100000| Untracked 
|  98|0x00000000c6200000, 0x00000000c62d1fa8, 0x00000000c6300000| 82%| E|  |TAMS 0x00000000c6200000| PB 0x00000000c6200000| Complete 
|  99|0x00000000c6300000, 0x00000000c6400000, 0x00000000c6400000|100%| E|CS|TAMS 0x00000000c6300000| PB 0x00000000c6300000| Complete 
| 100|0x00000000c6400000, 0x00000000c6500000, 0x00000000c6500000|100%| E|CS|TAMS 0x00000000c6400000| PB 0x00000000c6400000| Complete 
| 101|0x00000000c6500000, 0x00000000c6600000, 0x00000000c6600000|100%| E|CS|TAMS 0x00000000c6500000| PB 0x00000000c6500000| Complete 
| 102|0x00000000c6600000, 0x00000000c66ebdc0, 0x00000000c6700000| 92%| S|CS|TAMS 0x00000000c6600000| PB 0x00000000c6600000| Complete 
| 103|0x00000000c6700000, 0x00000000c6800000, 0x00000000c6800000|100%| S|CS|TAMS 0x00000000c6700000| PB 0x00000000c6700000| Complete 
| 104|0x00000000c6800000, 0x00000000c6900000, 0x00000000c6900000|100%| S|CS|TAMS 0x00000000c6800000| PB 0x00000000c6800000| Complete 
| 105|0x00000000c6900000, 0x00000000c6a00000, 0x00000000c6a00000|100%| E|CS|TAMS 0x00000000c6900000| PB 0x00000000c6900000| Complete 
| 106|0x00000000c6a00000, 0x00000000c6b00000, 0x00000000c6b00000|100%| E|CS|TAMS 0x00000000c6a00000| PB 0x00000000c6a00000| Complete 
| 107|0x00000000c6b00000, 0x00000000c6c00000, 0x00000000c6c00000|100%| E|CS|TAMS 0x00000000c6b00000| PB 0x00000000c6b00000| Complete 
| 108|0x00000000c6c00000, 0x00000000c6d00000, 0x00000000c6d00000|100%| E|CS|TAMS 0x00000000c6c00000| PB 0x00000000c6c00000| Complete 
| 109|0x00000000c6d00000, 0x00000000c6e00000, 0x00000000c6e00000|100%| E|CS|TAMS 0x00000000c6d00000| PB 0x00000000c6d00000| Complete 
| 110|0x00000000c6e00000, 0x00000000c6f00000, 0x00000000c6f00000|100%| E|CS|TAMS 0x00000000c6e00000| PB 0x00000000c6e00000| Complete 
| 111|0x00000000c6f00000, 0x00000000c7000000, 0x00000000c7000000|100%| E|CS|TAMS 0x00000000c6f00000| PB 0x00000000c6f00000| Complete 
| 112|0x00000000c7000000, 0x00000000c7100000, 0x00000000c7100000|100%| E|CS|TAMS 0x00000000c7000000| PB 0x00000000c7000000| Complete 
| 113|0x00000000c7100000, 0x00000000c7200000, 0x00000000c7200000|100%| E|CS|TAMS 0x00000000c7100000| PB 0x00000000c7100000| Complete 
| 114|0x00000000c7200000, 0x00000000c7300000, 0x00000000c7300000|100%| E|CS|TAMS 0x00000000c7200000| PB 0x00000000c7200000| Complete 
| 115|0x00000000c7300000, 0x00000000c7400000, 0x00000000c7400000|100%| E|CS|TAMS 0x00000000c7300000| PB 0x00000000c7300000| Complete 
| 116|0x00000000c7400000, 0x00000000c7500000, 0x00000000c7500000|100%| E|CS|TAMS 0x00000000c7400000| PB 0x00000000c7400000| Complete 
| 117|0x00000000c7500000, 0x00000000c7600000, 0x00000000c7600000|100%| E|CS|TAMS 0x00000000c7500000| PB 0x00000000c7500000| Complete 
| 118|0x00000000c7600000, 0x00000000c7700000, 0x00000000c7700000|100%| E|CS|TAMS 0x00000000c7600000| PB 0x00000000c7600000| Complete 
| 119|0x00000000c7700000, 0x00000000c7800000, 0x00000000c7800000|100%| E|CS|TAMS 0x00000000c7700000| PB 0x00000000c7700000| Complete 
| 120|0x00000000c7800000, 0x00000000c7900000, 0x00000000c7900000|100%| E|CS|TAMS 0x00000000c7800000| PB 0x00000000c7800000| Complete 
| 121|0x00000000c7900000, 0x00000000c7a00000, 0x00000000c7a00000|100%| E|CS|TAMS 0x00000000c7900000| PB 0x00000000c7900000| Complete 
| 122|0x00000000c7a00000, 0x00000000c7b00000, 0x00000000c7b00000|100%| E|CS|TAMS 0x00000000c7a00000| PB 0x00000000c7a00000| Complete 
| 123|0x00000000c7b00000, 0x00000000c7c00000, 0x00000000c7c00000|100%| E|CS|TAMS 0x00000000c7b00000| PB 0x00000000c7b00000| Complete 

Card table byte_map: [0x000001d6b99b0000,0x000001d6b9bb0000] _byte_map_base: 0x000001d6b93b0000

Marking Bits: (CMBitMap*) 0x000001d6a00ebf50
 Bits: [0x000001d6b9bb0000, 0x000001d6babb0000)

Polling page: 0x000001d6a0160000

Metaspace:

Usage:
  Non-class:     15.05 MB used.
      Class:      2.38 MB used.
       Both:     17.43 MB used.

Virtual space:
  Non-class space:       64.00 MB reserved,      15.19 MB ( 24%) committed,  1 nodes.
      Class space:        1.00 GB reserved,       2.50 MB ( <1%) committed,  1 nodes.
             Both:        1.06 GB reserved,      17.69 MB (  2%) committed. 

Chunk freelists:
   Non-Class:  752.00 KB
       Class:  13.45 MB
        Both:  14.19 MB

MaxMetaspaceSize: unlimited
CompressedClassSpaceSize: 1.00 GB
Initial GC threshold: 21.00 MB
Current GC threshold: 21.00 MB
CDS: on
 - commit_granule_bytes: 65536.
 - commit_granule_words: 8192.
 - virtual_space_node_default_size: 8388608.
 - enlarge_chunks_in_place: 1.
 - use_allocation_guard: 0.


Internal statistics:

num_allocs_failed_limit: 0.
num_arena_births: 204.
num_arena_deaths: 0.
num_vsnodes_births: 2.
num_vsnodes_deaths: 0.
num_space_committed: 283.
num_space_uncommitted: 0.
num_chunks_returned_to_freelist: 0.
num_chunks_taken_from_freelist: 726.
num_chunk_merges: 0.
num_chunk_splits: 523.
num_chunks_enlarged: 409.
num_inconsistent_stats: 0.

CodeHeap 'non-profiled nmethods': size=120000Kb used=898Kb max_used=898Kb free=119101Kb
 bounds [0x000001d6b15f0000, 0x000001d6b1860000, 0x000001d6b8b20000]
CodeHeap 'profiled nmethods': size=120000Kb used=3883Kb max_used=3883Kb free=116116Kb
 bounds [0x000001d6a9b20000, 0x000001d6a9ef0000, 0x000001d6b1050000]
CodeHeap 'non-nmethods': size=5760Kb used=1593Kb max_used=1614Kb free=4166Kb
 bounds [0x000001d6b1050000, 0x000001d6b12c0000, 0x000001d6b15f0000]
 total_blobs=2657 nmethods=2132 adapters=429
 compilation: enabled
              stopped_count=0, restarted_count=0
 full_count=0

Compilation events (20 events):
Event: 2.899 Thread 0x000001d6bd85ba30 2095       1       scala.collection.generic.GenTraversableFactory::ReusableCBF (5 bytes)
Event: 2.899 Thread 0x000001d6bd85ba30 nmethod 2095 0x000001d6b16cae10 code [0x000001d6b16cafa0, 0x000001d6b16cb068]
Event: 2.900 Thread 0x000001d6bd85ba30 2096       3       scala.collection.immutable.Map$MapBuilderImpl::$plus$eq (9 bytes)
Event: 2.900 Thread 0x000001d6bd85ba30 nmethod 2096 0x000001d6a9ed8090 code [0x000001d6a9ed8240, 0x000001d6a9ed8470]
Event: 2.900 Thread 0x000001d6bd85ba30 2097       3       scala.collection.immutable.Map$MapBuilderImpl::$plus$eq (128 bytes)
Event: 2.901 Thread 0x000001d6bd85ba30 nmethod 2097 0x000001d6a9ed8510 code [0x000001d6a9ed87a0, 0x000001d6a9ed92f0]
Event: 2.905 Thread 0x000001d6bd85ba30 2098       3       java.lang.invoke.LambdaMetafactory::extractArgs (42 bytes)
Event: 2.905 Thread 0x000001d6bd85ba30 nmethod 2098 0x000001d6a9ed9690 code [0x000001d6a9ed9880, 0x000001d6a9ed9dd0]
Event: 2.925 Thread 0x000001d6bd852d10 nmethod 2063 0x000001d6b16cb110 code [0x000001d6b16cb420, 0x000001d6b16cd8a0]
Event: 2.926 Thread 0x000001d6bd852d10 2072       4       jdk.internal.org.objectweb.asm.SymbolTable::addConstantUtf8 (98 bytes)
Event: 2.933 Thread 0x000001d6bd85ba30 2099       3       jdk.internal.loader.ClassLoaders::appClassLoader (4 bytes)
Event: 2.933 Thread 0x000001d6bd85ba30 nmethod 2099 0x000001d6a9eda010 code [0x000001d6a9eda1a0, 0x000001d6a9eda298]
Event: 2.934 Thread 0x000001d6bd85ba30 2100       3       java.lang.invoke.MemberName::asSpecial (89 bytes)
Event: 2.935 Thread 0x000001d6bd85ba30 nmethod 2100 0x000001d6a9eda310 code [0x000001d6a9eda5e0, 0x000001d6a9edb2a8]
Event: 2.943 Thread 0x000001d6bd85ba30 2101       1       java.lang.reflect.Field::getName (5 bytes)
Event: 2.944 Thread 0x000001d6bd85ba30 nmethod 2101 0x000001d6b16ce910 code [0x000001d6b16ceaa0, 0x000001d6b16ceb68]
Event: 2.944 Thread 0x000001d6bd85ba30 2102       3       scala.collection.IndexedSeqLike::$init$ (1 bytes)
Event: 2.944 Thread 0x000001d6bd85ba30 nmethod 2102 0x000001d6a9edb710 code [0x000001d6a9edb8a0, 0x000001d6a9edb988]
Event: 2.954 Thread 0x000001d6bd85ba30 2103       1       scala.collection.BitSetLike$$anon$1::current (5 bytes)
Event: 2.954 Thread 0x000001d6bd85ba30 nmethod 2103 0x000001d6b16cec10 code [0x000001d6b16ceda0, 0x000001d6b16cee68]

GC Heap History (4 events):
Event: 1.065 GC heap before
{Heap before GC invocations=0 (full 0):
 garbage-first heap   total 126976K, used 31744K [0x00000000c0000000, 0x0000000100000000)
  region size 1024K, 23 young (23552K), 0 survivors (0K)
 Metaspace       used 2746K, committed 2880K, reserved 1114112K
  class space    used 197K, committed 256K, reserved 1048576K
}
Event: 1.073 GC heap after
{Heap after GC invocations=1 (full 0):
 garbage-first heap   total 126976K, used 22464K [0x00000000c0000000, 0x0000000100000000)
  region size 1024K, 3 young (3072K), 3 survivors (3072K)
 Metaspace       used 2746K, committed 2880K, reserved 1114112K
  class space    used 197K, committed 256K, reserved 1048576K
}
Event: 1.920 GC heap before
{Heap before GC invocations=1 (full 0):
 garbage-first heap   total 126976K, used 41920K [0x00000000c0000000, 0x0000000100000000)
  region size 1024K, 22 young (22528K), 3 survivors (3072K)
 Metaspace       used 9849K, committed 10112K, reserved 1114112K
  class space    used 1038K, committed 1152K, reserved 1048576K
}
Event: 1.932 GC heap after
{Heap after GC invocations=2 (full 0):
 garbage-first heap   total 126976K, used 25884K [0x00000000c0000000, 0x0000000100000000)
  region size 1024K, 3 young (3072K), 3 survivors (3072K)
 Metaspace       used 9849K, committed 10112K, reserved 1114112K
  class space    used 1038K, committed 1152K, reserved 1048576K
}

Dll operation events (8 events):
Event: 0.010 Loaded shared library C:\Program Files\Java\jdk-21\bin\java.dll
Event: 0.048 Loaded shared library C:\Program Files\Java\jdk-21\bin\jsvml.dll
Event: 0.303 Loaded shared library C:\Program Files\Java\jdk-21\bin\net.dll
Event: 0.306 Loaded shared library C:\Program Files\Java\jdk-21\bin\nio.dll
Event: 0.313 Loaded shared library C:\Program Files\Java\jdk-21\bin\zip.dll
Event: 1.022 Loaded shared library C:\Program Files\Java\jdk-21\bin\jimage.dll
Event: 1.506 Loaded shared library C:\Program Files\Java\jdk-21\bin\management.dll
Event: 1.512 Loaded shared library C:\Program Files\Java\jdk-21\bin\management_ext.dll

Deoptimization events (20 events):
Event: 2.211 Thread 0x000001d6a00b1df0 Uncommon trap: trap_request=0xffffff45 fr.pc=0x000001d6b169fcdc relative=0x000000000000023c
Event: 2.211 Thread 0x000001d6a00b1df0 Uncommon trap: reason=unstable_if action=reinterpret pc=0x000001d6b169fcdc method=java.lang.CharacterDataLatin1.equalsIgnoreCase(BB)Z @ 54 c2
Event: 2.211 Thread 0x000001d6a00b1df0 DEOPT PACKING pc=0x000001d6b169fcdc sp=0x000000b1040fe750
Event: 2.211 Thread 0x000001d6a00b1df0 DEOPT UNPACKING pc=0x000001d6b10a7da2 sp=0x000000b1040fe658 mode 2
Event: 2.648 Thread 0x000001d6a00b1df0 Uncommon trap: trap_request=0xffffff6e fr.pc=0x000001d6b16a58c0 relative=0x0000000000000200
Event: 2.648 Thread 0x000001d6a00b1df0 Uncommon trap: reason=loop_limit_check action=maybe_recompile pc=0x000001d6b16a58c0 method=java.util.regex.Pattern$Start.match(Ljava/util/regex/Matcher;ILjava/lang/CharSequence;)Z @ 34 c2
Event: 2.648 Thread 0x000001d6a00b1df0 DEOPT PACKING pc=0x000001d6b16a58c0 sp=0x000000b1040fdfe0
Event: 2.648 Thread 0x000001d6a00b1df0 DEOPT UNPACKING pc=0x000001d6b10a7da2 sp=0x000000b1040fdf20 mode 2
Event: 2.719 Thread 0x000001d6a00b1df0 Uncommon trap: trap_request=0xffffff45 fr.pc=0x000001d6b16b5544 relative=0x0000000000001684
Event: 2.719 Thread 0x000001d6a00b1df0 Uncommon trap: reason=unstable_if action=reinterpret pc=0x000001d6b16b5544 method=java.util.concurrent.ConcurrentHashMap.transfer([Ljava/util/concurrent/ConcurrentHashMap$Node;[Ljava/util/concurrent/ConcurrentHashMap$Node;)V @ 26 c2
Event: 2.719 Thread 0x000001d6a00b1df0 DEOPT PACKING pc=0x000001d6b16b5544 sp=0x000000b1040fc640
Event: 2.719 Thread 0x000001d6a00b1df0 DEOPT UNPACKING pc=0x000001d6b10a7da2 sp=0x000000b1040fc5b0 mode 2
Event: 2.753 Thread 0x000001d6a00b1df0 Uncommon trap: trap_request=0xffffff45 fr.pc=0x000001d6b1694724 relative=0x0000000000000084
Event: 2.753 Thread 0x000001d6a00b1df0 Uncommon trap: reason=unstable_if action=reinterpret pc=0x000001d6b1694724 method=java.lang.Integer.stringSize(I)I @ 19 c2
Event: 2.753 Thread 0x000001d6a00b1df0 DEOPT PACKING pc=0x000001d6b1694724 sp=0x000000b1040fded0
Event: 2.754 Thread 0x000001d6a00b1df0 DEOPT UNPACKING pc=0x000001d6b10a7da2 sp=0x000000b1040fde50 mode 2
Event: 2.796 Thread 0x000001d6a00b1df0 Uncommon trap: trap_request=0xffffff45 fr.pc=0x000001d6b1660820 relative=0x00000000000007a0
Event: 2.796 Thread 0x000001d6a00b1df0 Uncommon trap: reason=unstable_if action=reinterpret pc=0x000001d6b1660820 method=java.lang.Integer.stringSize(I)I @ 19 c2
Event: 2.796 Thread 0x000001d6a00b1df0 DEOPT PACKING pc=0x000001d6b1660820 sp=0x000000b1040fe190
Event: 2.796 Thread 0x000001d6a00b1df0 DEOPT UNPACKING pc=0x000001d6b10a7da2 sp=0x000000b1040fe0e8 mode 2

Classes loaded (20 events):
Event: 2.645 Loading class jdk/internal/math/FloatingDecimal
Event: 2.645 Loading class jdk/internal/math/FloatingDecimal done
Event: 2.645 Loading class jdk/internal/math/FloatingDecimal$ExceptionalBinaryToASCIIBuffer
Event: 2.645 Loading class jdk/internal/math/FloatingDecimal$BinaryToASCIIConverter
Event: 2.646 Loading class jdk/internal/math/FloatingDecimal$BinaryToASCIIConverter done
Event: 2.646 Loading class jdk/internal/math/FloatingDecimal$ExceptionalBinaryToASCIIBuffer done
Event: 2.646 Loading class jdk/internal/math/FloatingDecimal$BinaryToASCIIBuffer
Event: 2.646 Loading class jdk/internal/math/FloatingDecimal$BinaryToASCIIBuffer done
Event: 2.646 Loading class jdk/internal/math/FloatingDecimal$1
Event: 2.646 Loading class jdk/internal/math/FloatingDecimal$1 done
Event: 2.646 Loading class jdk/internal/math/FloatingDecimal$PreparedASCIIToBinaryBuffer
Event: 2.646 Loading class jdk/internal/math/FloatingDecimal$ASCIIToBinaryConverter
Event: 2.646 Loading class jdk/internal/math/FloatingDecimal$ASCIIToBinaryConverter done
Event: 2.646 Loading class jdk/internal/math/FloatingDecimal$PreparedASCIIToBinaryBuffer done
Event: 2.646 Loading class jdk/internal/math/FloatingDecimal$ASCIIToBinaryBuffer
Event: 2.646 Loading class jdk/internal/math/FloatingDecimal$ASCIIToBinaryBuffer done
Event: 2.693 Loading class java/util/regex/PatternSyntaxException
Event: 2.693 Loading class java/util/regex/PatternSyntaxException done
Event: 2.743 Loading class java/io/EOFException
Event: 2.744 Loading class java/io/EOFException done

Classes unloaded (0 events):
No events

Classes redefined (0 events):
No events

Internal exceptions (20 events):
Event: 1.218 Thread 0x000001d6a00b1df0 Exception <a 'java/lang/NoSuchMethodError'{0x00000000c788bbc0}: 'int java.lang.invoke.DirectMethodHandle$Holder.invokeStaticInit(java.lang.Object, java.lang.Object)'> (0x00000000c788bbc0) 
thrown [s\open\src\hotspot\share\interpreter\linkResolver.cpp, line 773]
Event: 1.460 Thread 0x000001d6a00b1df0 Exception <a 'java/lang/NoSuchMethodError'{0x00000000c7092930}: 'java.lang.Object java.lang.invoke.DirectMethodHandle$Holder.newInvokeSpecial(java.lang.Object, long, int, java.lang.Object)'> (0x00000000c7092930) 
thrown [s\open\src\hotspot\share\interpreter\linkResolver.cpp, line 773]
Event: 1.474 Thread 0x000001d6a00b1df0 Exception <a 'java/lang/NoSuchMethodError'{0x00000000c70e8430}: 'void java.lang.invoke.DirectMethodHandle$Holder.invokeStatic(java.lang.Object, java.lang.Object, java.lang.Object, java.lang.Object)'> (0x00000000c70e8430) 
thrown [s\open\src\hotspot\share\interpreter\linkResolver.cpp, line 773]
Event: 1.475 Thread 0x000001d6a00b1df0 Exception <a 'java/lang/NoSuchMethodError'{0x00000000c70ebe48}: 'void java.lang.invoke.DirectMethodHandle$Holder.invokeStaticInit(java.lang.Object, java.lang.Object, java.lang.Object, java.lang.Object)'> (0x00000000c70ebe48) 
thrown [s\open\src\hotspot\share\interpreter\linkResolver.cpp, line 773]
Event: 1.777 Thread 0x000001d6a00b1df0 Exception <a 'java/lang/NoSuchMethodError'{0x00000000c6b92170}: 'int java.lang.invoke.DirectMethodHandle$Holder.invokeInterface(java.lang.Object, java.lang.Object)'> (0x00000000c6b92170) 
thrown [s\open\src\hotspot\share\interpreter\linkResolver.cpp, line 773]
Event: 1.778 Thread 0x000001d6a00b1df0 Exception <a 'java/lang/IncompatibleClassChangeError'{0x00000000c6b95430}: Found class java.lang.Object, but interface was expected> (0x00000000c6b95430) 
thrown [s\open\src\hotspot\share\interpreter\linkResolver.cpp, line 840]
Event: 1.779 Thread 0x000001d6a00b1df0 Exception <a 'java/lang/NoSuchMethodError'{0x00000000c6b9a3d0}: 'void java.lang.invoke.DirectMethodHandle$Holder.invokeStatic(java.lang.Object, java.lang.Object)'> (0x00000000c6b9a3d0) 
thrown [s\open\src\hotspot\share\interpreter\linkResolver.cpp, line 773]
Event: 1.871 Thread 0x000001d6a00b1df0 Exception <a 'java/lang/NoSuchMethodError'{0x00000000c6957ea0}: 'java.lang.Object java.lang.invoke.DirectMethodHandle$Holder.invokeStaticInit(java.lang.Object, java.lang.Object, java.lang.Object)'> (0x00000000c6957ea0) 
thrown [s\open\src\hotspot\share\interpreter\linkResolver.cpp, line 773]
Event: 2.117 Thread 0x000001d6a00b1df0 Exception <a 'java/lang/NoSuchMethodError'{0x00000000c7606768}: 'java.lang.Object java.lang.invoke.DirectMethodHandle$Holder.newInvokeSpecial(java.lang.Object, java.lang.Object, java.lang.Object, java.lang.Object, java.lang.Object)'> (0x00000000c7606768) 
thrown [s\open\src\hotspot\share\interpreter\linkResolver.cpp, line 773]
Event: 2.201 Thread 0x000001d6a00b1df0 Exception <a 'java/lang/NoSuchMethodError'{0x00000000c7593470}: 'int java.lang.invoke.DirectMethodHandle$Holder.invokeStaticInit(java.lang.Object, java.lang.Object, java.lang.Object)'> (0x00000000c7593470) 
thrown [s\open\src\hotspot\share\interpreter\linkResolver.cpp, line 773]
Event: 2.548 Thread 0x000001d6a00b1df0 Exception <a 'java/lang/NoSuchMethodError'{0x00000000c6fc5a00}: 'void java.lang.invoke.Invokers$Holder.invoke_MT(java.lang.Object, java.lang.Object)'> (0x00000000c6fc5a00) 
thrown [s\open\src\hotspot\share\interpreter\linkResolver.cpp, line 773]
Event: 2.710 Thread 0x000001d6a00b1df0 Exception <a 'java/lang/NoSuchMethodError'{0x00000000c6a0da10}: 'java.lang.Object java.lang.invoke.DirectMethodHandle$Holder.invokeStatic(java.lang.Object, java.lang.Object, int, java.lang.Object, java.lang.Object)'> (0x00000000c6a0da10) 
thrown [s\open\src\hotspot\share\interpreter\linkResolver.cpp, line 773]
Event: 2.711 Thread 0x000001d6a00b1df0 Exception <a 'java/lang/NoSuchMethodError'{0x00000000c6a14f80}: 'java.lang.Object java.lang.invoke.DirectMethodHandle$Holder.newInvokeSpecial(java.lang.Object, java.lang.Object, int, java.lang.Object)'> (0x00000000c6a14f80) 
thrown [s\open\src\hotspot\share\interpreter\linkResolver.cpp, line 773]
Event: 2.712 Thread 0x000001d6a00b1df0 Exception <a 'java/lang/NoSuchMethodError'{0x00000000c6a18ac0}: 'java.lang.Object java.lang.invoke.DirectMethodHandle$Holder.invokeSpecial(java.lang.Object, java.lang.Object, java.lang.Object, int, java.lang.Object)'> (0x00000000c6a18ac0) 
thrown [s\open\src\hotspot\share\interpreter\linkResolver.cpp, line 773]
Event: 2.733 Thread 0x000001d6a00b1df0 Exception <a 'java/lang/NoSuchMethodError'{0x00000000c6a8ada8}: 'int java.lang.invoke.DirectMethodHandle$Holder.invokeStaticInit(java.lang.Object, double)'> (0x00000000c6a8ada8) 
thrown [s\open\src\hotspot\share\interpreter\linkResolver.cpp, line 773]
Event: 2.740 Thread 0x000001d6a00b1df0 Exception <a 'java/lang/NoSuchMethodError'{0x00000000c6ab5cd8}: 'int java.lang.invoke.DirectMethodHandle$Holder.invokeStatic(java.lang.Object, long)'> (0x00000000c6ab5cd8) 
thrown [s\open\src\hotspot\share\interpreter\linkResolver.cpp, line 773]
Event: 2.740 Thread 0x000001d6a00b1df0 Exception <a 'java/lang/NoSuchMethodError'{0x00000000c6ab8f50}: 'int java.lang.invoke.DirectMethodHandle$Holder.invokeStaticInit(java.lang.Object, long)'> (0x00000000c6ab8f50) 
thrown [s\open\src\hotspot\share\interpreter\linkResolver.cpp, line 773]
Event: 2.750 Thread 0x000001d6a00b1df0 Exception <a 'java/lang/NoSuchMethodError'{0x00000000c6af7be0}: 'int java.lang.invoke.DirectMethodHandle$Holder.invokeStaticInit(java.lang.Object, int)'> (0x00000000c6af7be0) 
thrown [s\open\src\hotspot\share\interpreter\linkResolver.cpp, line 773]
Event: 2.814 Thread 0x000001d6a00b1df0 Exception <a 'java/lang/NoSuchMethodError'{0x00000000c6582c68}: 'java.lang.Object java.lang.invoke.DirectMethodHandle$Holder.newInvokeSpecial(java.lang.Object, java.lang.Object, int)'> (0x00000000c6582c68) 
thrown [s\open\src\hotspot\share\interpreter\linkResolver.cpp, line 773]
Event: 2.833 Thread 0x000001d6a00b1df0 Exception <a 'java/lang/NoSuchMethodError'{0x00000000c65db0c0}: 'java.lang.Object java.lang.invoke.DirectMethodHandle$Holder.invokeStatic(java.lang.Object, java.lang.Object, int, java.lang.Object)'> (0x00000000c65db0c0) 
thrown [s\open\src\hotspot\share\interpreter\linkResolver.cpp, line 773]

ZGC Phase Switch (0 events):
No events

VM Operations (20 events):
Event: 1.133 Executing VM operation: HandshakeAllThreads (Deoptimize)
Event: 1.133 Executing VM operation: HandshakeAllThreads (Deoptimize) done
Event: 1.160 Executing VM operation: HandshakeAllThreads (Deoptimize)
Event: 1.160 Executing VM operation: HandshakeAllThreads (Deoptimize) done
Event: 1.168 Executing VM operation: HandshakeAllThreads (Deoptimize)
Event: 1.168 Executing VM operation: HandshakeAllThreads (Deoptimize) done
Event: 1.489 Executing VM operation: HandshakeAllThreads (Deoptimize)
Event: 1.489 Executing VM operation: HandshakeAllThreads (Deoptimize) done
Event: 1.628 Executing VM operation: HandshakeAllThreads (Deoptimize)
Event: 1.628 Executing VM operation: HandshakeAllThreads (Deoptimize) done
Event: 1.920 Executing VM operation: G1CollectForAllocation (G1 Evacuation Pause)
Event: 1.932 Executing VM operation: G1CollectForAllocation (G1 Evacuation Pause) done
Event: 2.066 Executing VM operation: HandshakeAllThreads (Deoptimize)
Event: 2.066 Executing VM operation: HandshakeAllThreads (Deoptimize) done
Event: 2.069 Executing VM operation: HandshakeAllThreads (Deoptimize)
Event: 2.069 Executing VM operation: HandshakeAllThreads (Deoptimize) done
Event: 2.135 Executing VM operation: HandshakeAllThreads (Deoptimize)
Event: 2.136 Executing VM operation: HandshakeAllThreads (Deoptimize) done
Event: 2.339 Executing VM operation: HandshakeAllThreads (Deoptimize)
Event: 2.339 Executing VM operation: HandshakeAllThreads (Deoptimize) done

Events (17 events):
Event: 0.029 Thread 0x000001d6a00b1df0 Thread added: 0x000001d6a00b1df0
Event: 0.043 Thread 0x000001d6bd8449d0 Thread added: 0x000001d6bd8449d0
Event: 0.043 Thread 0x000001d6bd846140 Thread added: 0x000001d6bd846140
Event: 0.044 Thread 0x000001d6bd84ba00 Thread added: 0x000001d6bd84ba00
Event: 0.044 Thread 0x000001d6bd84d590 Thread added: 0x000001d6bd84d590
Event: 0.044 Thread 0x000001d6bd84fa20 Thread added: 0x000001d6bd84fa20
Event: 0.044 Thread 0x000001d6bd850470 Thread added: 0x000001d6bd850470
Event: 0.044 Thread 0x000001d6bd852d10 Thread added: 0x000001d6bd852d10
Event: 0.044 Thread 0x000001d6bd85ba30 Thread added: 0x000001d6bd85ba30
Event: 0.293 Thread 0x000001d6bdad9070 Thread added: 0x000001d6bdad9070
Event: 0.296 Thread 0x000001d6bdbf8bd0 Thread added: 0x000001d6bdbf8bd0
Event: 0.351 Thread 0x000001d6bdce3c10 Thread added: 0x000001d6bdce3c10
Event: 0.351 Thread 0x000001d6bdce42e0 Thread added: 0x000001d6bdce42e0
Event: 0.469 Thread 0x000001d6bdce42e0 Thread exited: 0x000001d6bdce42e0
Event: 0.560 Thread 0x000001d6bdce3c10 Thread exited: 0x000001d6bdce3c10
Event: 0.709 Thread 0x000001d6bdce3c10 Thread added: 0x000001d6bdce3c10
Event: 2.665 Thread 0x000001d6bdce3c10 Thread exited: 0x000001d6bdce3c10


Dynamic libraries:
0x00007ff66f6a0000 - 0x00007ff66f6b0000 	C:\Program Files\Java\jdk-21\bin\java.exe
0x00007ffa0ab00000 - 0x00007ffa0ad67000 	C:\WINDOWS\SYSTEM32\ntdll.dll
0x00007ffa098e0000 - 0x00007ffa099a9000 	C:\WINDOWS\System32\KERNEL32.DLL
0x00007ffa07fb0000 - 0x00007ffa083a1000 	C:\WINDOWS\System32\KERNELBASE.dll
0x00007ffa08460000 - 0x00007ffa085ab000 	C:\WINDOWS\System32\ucrtbase.dll
0x00007ffa01e90000 - 0x00007ffa01eab000 	C:\Program Files\Java\jdk-21\bin\VCRUNTIME140.dll
0x00007ffa01eb0000 - 0x00007ffa01ec9000 	C:\Program Files\Java\jdk-21\bin\jli.dll
0x00007ffa09130000 - 0x00007ffa091eb000 	C:\WINDOWS\System32\ADVAPI32.dll
0x00007ffa09b70000 - 0x00007ffa09c19000 	C:\WINDOWS\System32\msvcrt.dll
0x00007ffa09830000 - 0x00007ffa098d7000 	C:\WINDOWS\System32\sechost.dll
0x00007ffa09350000 - 0x00007ffa09468000 	C:\WINDOWS\System32\RPCRT4.dll
0x00007ffa08eb0000 - 0x00007ffa09075000 	C:\WINDOWS\System32\USER32.dll
0x00007ffa07f80000 - 0x00007ffa07fa7000 	C:\WINDOWS\System32\win32u.dll
0x00007ff9e86f0000 - 0x00007ff9e8983000 	C:\WINDOWS\WinSxS\amd64_microsoft.windows.common-controls_6595b64144ccf1df_6.0.26100.8037_none_3e092faae333b53b\COMCTL32.dll
0x00007ffa09080000 - 0x00007ffa090ab000 	C:\WINDOWS\System32\GDI32.dll
0x00007ffa07470000 - 0x00007ffa0759b000 	C:\WINDOWS\System32\gdi32full.dll
0x00007ffa083b0000 - 0x00007ffa08453000 	C:\WINDOWS\System32\msvcp_win.dll
0x00007ff9fbc10000 - 0x00007ff9fbc1b000 	C:\WINDOWS\SYSTEM32\VERSION.dll
0x00007ffa09470000 - 0x00007ffa094a1000 	C:\WINDOWS\System32\IMM32.DLL
0x00007ffa01e80000 - 0x00007ffa01e8c000 	C:\Program Files\Java\jdk-21\bin\vcruntime140_1.dll
0x00007ff9cef00000 - 0x00007ff9cef8e000 	C:\Program Files\Java\jdk-21\bin\msvcp140.dll
0x00007ff8eb740000 - 0x00007ff8ec45a000 	C:\Program Files\Java\jdk-21\bin\server\jvm.dll
0x00007ffa0a440000 - 0x00007ffa0a4b4000 	C:\WINDOWS\System32\WS2_32.dll
0x00007ffa05fe0000 - 0x00007ffa0603e000 	C:\WINDOWS\SYSTEM32\POWRPROF.dll
0x00007ff9fa010000 - 0x00007ff9fa045000 	C:\WINDOWS\SYSTEM32\WINMM.dll
0x00007ffa05fc0000 - 0x00007ffa05fd4000 	C:\WINDOWS\SYSTEM32\UMPDC.dll
0x00007ffa06290000 - 0x00007ffa062ab000 	C:\WINDOWS\SYSTEM32\kernel.appcore.dll
0x00007ff9fed50000 - 0x00007ff9fed5a000 	C:\Program Files\Java\jdk-21\bin\jimage.dll
0x00007ffa05200000 - 0x00007ffa05442000 	C:\WINDOWS\SYSTEM32\DBGHELP.DLL
0x00007ffa089b0000 - 0x00007ffa08d32000 	C:\WINDOWS\System32\combase.dll
0x00007ffa08dd0000 - 0x00007ffa08ea7000 	C:\WINDOWS\System32\OLEAUT32.dll
0x00007ff9e4390000 - 0x00007ff9e43cb000 	C:\WINDOWS\SYSTEM32\dbgcore.DLL
0x00007ffa075a0000 - 0x00007ffa07645000 	C:\WINDOWS\System32\bcryptPrimitives.dll
0x00007ff9f6070000 - 0x00007ff9f608f000 	C:\Program Files\Java\jdk-21\bin\java.dll
0x00007ffa09cd0000 - 0x00007ffa0a42f000 	C:\WINDOWS\System32\SHELL32.dll
0x00007ffa08730000 - 0x00007ffa0889a000 	C:\WINDOWS\System32\wintypes.dll
0x00007ffa07650000 - 0x00007ffa07eb4000 	C:\WINDOWS\System32\windows.storage.dll
0x00007ffa09a70000 - 0x00007ffa09b67000 	C:\WINDOWS\System32\SHCORE.dll
0x00007ffa090c0000 - 0x00007ffa09127000 	C:\WINDOWS\System32\shlwapi.dll
0x00007ffa07300000 - 0x00007ffa07329000 	C:\WINDOWS\SYSTEM32\profapi.dll
0x00007ff9bc3d0000 - 0x00007ff9bc4a7000 	C:\Program Files\Java\jdk-21\bin\jsvml.dll
0x00007ff9fcfe0000 - 0x00007ff9fcff0000 	C:\Program Files\Java\jdk-21\bin\net.dll
0x00007ff9fe8d0000 - 0x00007ff9fe9f7000 	C:\WINDOWS\SYSTEM32\WINHTTP.dll
0x00007ffa06800000 - 0x00007ffa0686b000 	C:\WINDOWS\system32\mswsock.dll
0x00007ff9f6050000 - 0x00007ff9f6066000 	C:\Program Files\Java\jdk-21\bin\nio.dll
0x00007ff9f6030000 - 0x00007ff9f6048000 	C:\Program Files\Java\jdk-21\bin\zip.dll
0x00007ff9f6210000 - 0x00007ff9f621a000 	C:\Program Files\Java\jdk-21\bin\management.dll
0x00007ff9f6020000 - 0x00007ff9f602b000 	C:\Program Files\Java\jdk-21\bin\management_ext.dll
0x00007ffa09cc0000 - 0x00007ffa09cc8000 	C:\WINDOWS\System32\PSAPI.DLL
0x00007ff9d75d0000 - 0x00007ff9d75e8000 	C:\WINDOWS\system32\napinsp.dll
0x00007ffa05ce0000 - 0x00007ffa05e0a000 	C:\WINDOWS\SYSTEM32\DNSAPI.dll
0x00007ffa05ca0000 - 0x00007ffa05cd3000 	C:\WINDOWS\SYSTEM32\IPHLPAPI.DLL
0x00007ffa088a0000 - 0x00007ffa088aa000 	C:\WINDOWS\System32\NSI.dll
0x00007ff9d74c0000 - 0x00007ff9d74d2000 	C:\WINDOWS\System32\winrnr.dll
0x00007ff9d74e0000 - 0x00007ff9d7502000 	C:\WINDOWS\system32\nlansp_c.dll
0x00007ff9fc8d0000 - 0x00007ff9fc8e6000 	C:\WINDOWS\system32\wshbth.dll
0x00007ff9fd820000 - 0x00007ff9fd82b000 	C:\Windows\System32\rasadhlp.dll
0x00007ff9feee0000 - 0x00007ff9fef66000 	C:\WINDOWS\System32\fwpuclnt.dll

dbghelp: loaded successfully - version: 4.0.5 - missing functions: none
symbol engine: initialized successfully - sym options: 0x614 - pdb path: .;C:\Program Files\Java\jdk-21\bin;C:\WINDOWS\SYSTEM32;C:\WINDOWS\WinSxS\amd64_microsoft.windows.common-controls_6595b64144ccf1df_6.0.26100.8037_none_3e092faae333b53b;C:\Program Files\Java\jdk-21\bin\server

VM Arguments:
jvm_args: -Xmx1g -XX:+IgnoreUnrecognizedVMOptions --add-opens=java.base/java.lang=ALL-UNNAMED --add-opens=java.base/java.lang.invoke=ALL-UNNAMED --add-opens=java.base/java.lang.reflect=ALL-UNNAMED --add-opens=java.base/java.io=ALL-UNNAMED --add-opens=java.base/java.net=ALL-UNNAMED --add-opens=java.base/java.nio=ALL-UNNAMED --add-opens=java.base/java.util=ALL-UNNAMED --add-opens=java.base/java.util.concurrent=ALL-UNNAMED --add-opens=java.base/java.util.concurrent.atomic=ALL-UNNAMED --add-opens=java.base/sun.nio.ch=ALL-UNNAMED --add-opens=java.base/sun.nio.cs=ALL-UNNAMED --add-opens=java.base/sun.security.action=ALL-UNNAMED --add-opens=java.base/sun.util.calendar=ALL-UNNAMED --add-opens=java.security.jgss/sun.security.krb5=ALL-UNNAMED -Djdk.reflect.useDirectMethodHandle=false 
java_command: org.apache.spark.deploy.SparkSubmit --conf spark.app.name=StreamSight-ClickStream-Processor --conf spark.sql.shuffle.partitions=2 --conf spark.jars=P:\streamsight_complete\streamsight_complete\backend\spark-processor\jars\spark-sql-kafka-0-10_2.12-3.5.0.jar,P:\streamsight_complete\streamsight_complete\backend\spark-processor\jars\kafka-clients-3.4.1.jar,P:\streamsight_complete\streamsight_complete\backend\spark-processor\jars\spark-token-provider-kafka-0-10_2.12-3.5.0.jar,P:\streamsight_complete\streamsight_complete\backend\spark-processor\jars\spark-streaming-kafka-0-10_2.12-3.5.0.jar,P:\streamsight_complete\streamsight_complete\backend\spark-processor\jars\commons-pool2-2.11.1.jar pyspark-shell
java_class_path (initial): C:\Users\Sabinesh V\AppData\Local\Programs\Python\Python38\Lib\site-packages\pyspark\bin\..\conf;C:\Users\Sabinesh V\AppData\Local\Programs\Python\Python38\Lib\site-packages\pyspark\bin\..\jars\activation-1.1.1.jar;C:\Users\Sabinesh V\AppData\Local\Programs\Python\Python38\Lib\site-packages\pyspark\bin\..\jars\aircompressor-0.25.jar;C:\Users\Sabinesh V\AppData\Local\Programs\Python\Python38\Lib\site-packages\pyspark\bin\..\jars\algebra_2.12-2.0.1.jar;C:\Users\Sabinesh V\AppData\Local\Programs\Python\Python38\Lib\site-packages\pyspark\bin\..\jars\annotations-17.0.0.jar;C:\Users\Sabinesh V\AppData\Local\Programs\Python\Python38\Lib\site-packages\pyspark\bin\..\jars\antlr-runtime-3.5.2.jar;C:\Users\Sabinesh V\AppData\Local\Programs\Python\Python38\Lib\site-packages\pyspark\bin\..\jars\antlr4-runtime-4.9.3.jar;C:\Users\Sabinesh V\AppData\Local\Programs\Python\Python38\Lib\site-packages\pyspark\bin\..\jars\aopalliance-repackaged-2.6.1.jar;C:\Users\Sabinesh V\AppData\Local\Programs\Python\Python38\Lib\site-packages\pyspark\bin\..\jars\arpack-3.0.3.jar;C:\Users\Sabinesh V\AppData\Local\Programs\Python\Python38\Lib\site-packages\pyspark\bin\..\jars\arpack_combined_all-0.1.jar;C:\Users\Sabinesh V\AppData\Local\Programs\Python\Python38\Lib\site-packages\pyspark\bin\..\jars\arrow-format-12.0.1.jar;C:\Users\Sabinesh V\AppData\Local\Programs\Python\Python38\Lib\site-packages\pyspark\bin\..\jars\arrow-memory-core-12.0.1.jar;C:\Users\Sabinesh V\AppData\Local\Programs\Python\Python38\Lib\site-packages\pyspark\bin\..\jars\arrow-memory-netty-12.0.1.jar;C:\Users\Sabinesh V\AppData\Local\Programs\Python\Python38\Lib\site-packages\pyspark\bin\..\jars\arrow-vector-12.0.1.jar;C:\Users\Sabinesh V\AppData\Local\Programs\Python\Python38\Lib\site-packages\pyspark\bin\..\jars\audience-annotations-0.5.0.jar;C:\Users\Sabinesh V\AppData\Local\Programs\Python\Python38\Lib\site-packages\pyspark\bin\..\jars\avro-1.11.2.jar;C:\Users\Sabinesh V\AppData\Local\Programs\Python\Python38\Lib\site-packages\pyspark\bin\..\jars\avro-ipc-1.11.2.jar;C:\Users\Sabinesh V\AppData\Local\Programs\Python\Python38\Lib\site-packages\pyspark\bin\..\jars\avro-mapred-1.11.2.jar;C:\Users\Sabinesh V\AppData\Local\Programs\Python\Python38\Lib\site-packages\pyspark\bin\..\jars\blas-3.0.3.jar;C:\Users\Sabinesh V\AppData\Local\Programs\Python\Python38\Lib\site-packages\pyspark\bin\..\jars\bonecp-0.8.0.RELEASE.jar;C:\Users\Sabinesh V\AppData\Local\Programs\Python\Python38\Lib\site-packages\pyspark\bin\..\jars\breeze-macros_2.12-2.1.0.jar;C:\Users\Sabinesh V\AppData\Local\Programs\Python\Python38\Lib\site-packages\pyspark\bin\..\jars\breeze_2.12-2.1.0.jar;C:\Users\Sabinesh V\AppData\Local\Programs\Python\Python38\Lib\site-packages\pyspark\bin\..\jars\cats-kernel_2.12-2.1.1.jar;C:\Users\Sabinesh V\AppData\Local\Programs\Python\Python38\Lib\site-packages\pyspark\bin\..\jars\chill-java-0.10.0.jar;C:\Users\Sabinesh V\AppData\Local\Programs\Python\Python38\Lib\site-packages\pyspark\bin\..\jars\chill_2.12-0.10.0.jar;C:\Users\Sabinesh V\AppData\Local\Programs\Python\Python38\Lib\site-packages\pyspark\bin\..\jars\commons-cli-1.5.0.jar;C:\Users\Sabinesh V\AppData\Local\Programs\Python\Python38\Lib\site-packages\pyspark\bin\..\jars\commons-codec-1.16.0.jar;C:\Users\Sabinesh V\AppData\Local\Programs\Python\Python38\Lib\site-packages\pyspark\bin\..\jars\commons-collections-3.2.2.jar;C:\Users\Sabinesh V\AppData\Local\Programs\Python\Python38\Lib\site-packages\pyspark\bin\..\jars\commons-collections4-4.4.jar;C:\Users\Sabinesh V\AppData\Local\Programs\Python\Python38\Lib\site-packages\pyspark\bin\..\jars\commons-compiler-3.1.9.jar;C:\Users\Sabinesh V\AppData\Local\Programs\Python\Python38\Lib\site-packages\pyspark\bin\..\jars\commons-compress-1.23.0.jar;C:\Users\Sabinesh V\AppData\Local\Programs\Python\Python38\Lib\site-packages\pyspark\bin\..\jars\commons-crypto-1.1.0.jar;C:\Users\Sabinesh V\AppData\Local\Programs\Python\Python38\Lib\site-packages\pyspark\bin\..\jars\commons-dbcp-1.4.jar;C:\Users\Sabinesh V\AppData\Local\Programs\Python\Python38\Lib\site-packages\pyspark\bin\..\jars\commons-io-2.13.0.jar;C:\Users\Sabinesh V\AppData\Local\Programs\Python\Python38\Lib\site-packages\pyspark\bin\..\jars\commons-lang-2.6.jar;C:\Users\Sabinesh V\AppData\Local\Programs\Python\Python38\Lib\site-packages\pyspark\bin\..\jars\commons-lang3-3.12.0.jar;C:\Users\Sabinesh V\AppData\Local\Programs\Python\Python38\Lib\site-packages\pyspark\bin\..\jars\commons-logging-1.1.3.jar;C:\Users\Sabinesh V\AppData\Local\Programs\Python\Python38\Lib\site-packages\pyspark\bin\..\jars\commons-math3-3.6.1.jar;C:\Users\Sabinesh V\AppData\Local\Programs\Python\Python38\Lib\site-packages\pyspark\bin\..\jars\commons-pool-1.5.4.jar;C:\Users\Sabinesh V\AppData\Local\Programs\Python\Python38\Lib\site-packages\pyspark\bin\..\jars\commons-text-1.10.0.jar;C:\Users\Sabinesh V\AppData\Local\Programs\Python\Python38\Lib\site-packages\pyspark\bin\..\jars\compress-lzf-1.1.2.jar;C:\Users\Sabinesh V\AppData\Local\Programs\Python\Python38\Lib\site-packages\pyspark\bin\..\jars\curator-client-2.13.0.jar;C:\Users\Sabinesh V\AppData\Local\Programs\Python\Python38\Lib\site-packages\pyspark\bin\..\jars\curator-framework-2.13.0.jar;C:\Users\Sabinesh V\AppData\Local\Programs\Python\Python38\Lib\site-packages\pyspark\bin\..\jars\curator-recipes-2.13.0.jar;C:\Users\Sabinesh V\AppData\Local\Programs\Python\Python38\Lib\site-packages\pyspark\bin\..\jars\datanucleus-api-jdo-4.2.4.jar;C:\Users\Sabinesh V\AppData\Local\Programs\Python\Python38\Lib\site-packages\pyspark\bin\..\jars\datanucleus-core-4.1.17.jar;C:\Users\Sabinesh V\AppData\Local\Programs\Python\Python38\Lib\site-packages\pyspark\bin\..\jars\datanucleus-rdbms-4.1.19.jar;C:\Users\Sabinesh V\AppData\Local\Programs\Python\Python38\Lib\site-packages\pyspark\bin\..\jars\datasketches-java-3.3.0.jar;C:\Users\Sabinesh V\AppData\Local\Programs\Python\Python38\Lib\site-packages\pyspark\bin\..\jars\datasketches-memory-2.1.0.jar;C:\Users\Sabinesh V\AppData\Local\Programs\Python\Python38\Lib\site-packages\pyspark\bin\..\jars\derby-10.14.2.0.jar;C:\Users\Sabinesh V\AppData\Local\Programs\Python\Python38\Lib\site-packages\pyspark\bin\..\jars\dropwizard-metrics-hadoop-metrics2-reporter-0.1.2.jar;C:\Users\Sabinesh V\AppData\Local\Programs\Python\Python38\Lib\site-packages\pyspark\bin\..\jars\flatbuffers-java-1.12.0.jar;C:\Users\Sabinesh V\AppData\Local\Programs\Python\Python38\Lib\site-packages\pyspark\bin\..\jars\gson-2.2.4.jar;C:\Users\Sabinesh V\AppData\Local\Programs\Python\Python38\Lib\site-packages\pyspark\bin\..\jars\guava-14.0.1.jar;C:\Users\Sabinesh V\AppData\Local\Programs\Python\Python38\Lib\site-packages\pyspark\bin\..\jars\hadoop-client-api-3.3.4.jar;C:\Users\Sabinesh V\AppData\Local\Programs\Python\Python38\Lib\site-packages\pyspark\bin\..\jars\hadoop-client-runtime-3.3.4.jar;C:\Users\Sabinesh V\AppData\Local\Programs\Python\Python38\Lib\site-packages\pyspark\bin\..\jars\hadoop-shaded-guava-1.1.1.jar;C:\Users\Sabinesh V\AppData\Local\Programs\Python\Python38\Lib\site-packages\pyspark\bin\..\jars\hadoop-yarn-server-web-proxy-3.3.4.jar;C:\Users\Sabinesh V\AppData\Local\Programs\Python\Python38\Lib\site-packages\pyspark\bin\..\jars\HikariCP-2.5.1.jar;C:\Users\Sabinesh V\AppData\Local\Programs\Python\Python38\Lib\site-packages\pyspark\bin\..\jars\hive-beeline-2.3.9.jar;C:\Users\Sabinesh V\AppData\Local\Programs\Python\Python38\Lib\site-packages\pyspark\bin\..\jars\hive-cli-2.3.9.jar;C:\Users\Sabinesh V\AppData\Local\Programs\Python\Python38\Lib\site-packages\pyspark\bin\..\jars\hive-common-2.3.9.jar;C:\Users\Sabinesh V\AppData\Local\Programs\Python\Python38\Lib\site-packages\pyspark\bin\..\jars\hive-exec-2.3.9-core.jar;C:\Users\Sabinesh V\AppData\Local\Programs\Python\Python38\Lib\site-packages\pyspark\bin\..\jars\hive-jdbc-2.3.9.jar;C:\Users\Sabinesh V\AppData\Local\Programs\Python\Python38\Lib\site-packages\pyspark\bin\..\jars\hive-llap-common-2.3.9.jar;C:\Users\Sabinesh V\AppData\Local\Programs\Python\Python38\Lib\site-packages\pyspark\bin\..\jars\hive-metastore-2.3.9.jar;C:\Users\Sabinesh V\AppData\Local\Programs\Python\Python38\Lib\site-packages\pyspark\bin\..\jars\hive-serde-2.3.9.jar;C:\Users\Sabinesh V\AppData\Local\Programs\Python\Python38\Lib\site-packages\pyspark\bin\..\jars\hive-service-rpc-3.1.3.jar;C:\Users\Sabinesh V\AppData\Local\Programs\Python\Python38\Lib\site-packages\pyspark\bin\..\jars\hive-shims-0.23-2.3.9.jar;C:\Users\Sabinesh V\AppData\Local\Programs\Python\Python38\Lib\site-packages\pyspark\bin\..\jars\hive-shims-2.3.9.jar;C:\Users\Sabinesh V\AppData\Local\Programs\Python\Python38\Lib\site-packages\pyspark\bin\..\jars\hive-shims-common-2.3.9.jar;C:\Users\Sabinesh V\AppData\Local\Programs\Python\Python38\Lib\site-packages\pyspark\bin\..\jars\hive-shims-scheduler-2.3.9.jar;C:\Users\Sabinesh V\AppData\Local\Programs\Python\Python38\Lib\site-packages\pyspark\bin\..\jars\hive-storage-api-2.8.1.jar;C:\Users\Sabinesh V\AppData\Local\Programs\Python\Python38\Lib\site-packages\pyspark\bin\..\jars\hk2-api-2.6.1.jar;C:\Users\Sabinesh V\AppData\Local\Programs\Python\Python38\Lib\site-packages\pyspark\bin\..\jars\hk2-locator-2.6.1.jar;C:\Users\Sabinesh V\AppData\Local\Programs\Python\Python38\Lib\site-packages\pyspark\bin\..\jars\hk2-utils-2.6.1.jar;C:\Users\Sabinesh V\AppData\Local\Programs\Python\Python38\Lib\site-packages\pyspark\bin\..\jars\httpclient-4.5.14.jar;C:\Users\Sabinesh V\AppData\Local\Programs\Python\Python38\Lib\site-packages\pyspark\bin\..\jars\httpcore-4.4.16.jar;C:\Users\Sabinesh V\AppData\Local\Programs\Python\Python38\Lib\site-packages\pyspark\bin\..\jars\istack-commons-runtime-3.0.8.jar;C:\Users\Sabinesh V\AppData\Local\Programs\Python\Python38\Lib\site-packages\pyspark\bin\..\jars\ivy-2.5.1.jar;C:\Users\Sabinesh V\AppData\Local\Programs\Python\Python38\Lib\site-packages\pyspark\bin\..\jars\jackson-annotations-2.15.2.jar;C:\Users\Sabinesh V\AppData\Local\Programs\Python\Python38\Lib\site-packages\pyspark\bin\..\jars\jackson-core-2.15.2.jar;C:\Users\Sabinesh V\AppData\Local\Programs\Python\Python38\Lib\site-packages\pyspark\bin\..\jars\jackson-core-asl-1.9.13.jar;C:\Users\Sabinesh V\AppData\Local\Programs\Python\Python38\Lib\site-packages\pyspark\bin\..\jars\jackson-databind-2.15.2.jar;C:\Users\Sabinesh V\AppData\Local\Programs\Python\Python38\Lib\site-packages\pyspark\bin\..\jars\jackson-dataformat-yaml-2.15.2.jar;C:\Users\Sabinesh V\AppData\Local\Programs\Python\Python38\Lib\site-packages\pyspark\bin\..\jars\jackson-datatype-jsr310-2.15.2.jar;C:\Users\Sabinesh V\AppData\Local\Programs\Python\Python38\Lib\site-packages\pyspark\bin\..\jars\jackson-mapper-asl-1.9.13.jar;C:\Users\Sabinesh V\AppData\Local\Programs\Python\Python38\Lib\site-packages\pyspark\bin\..\jars\jackson-module-scala_2.12-2.15.2.jar;C:\Users\Sabinesh V\AppData\Local\Programs\Python\Python38\Lib\site-packages\pyspark\bin\..\jars\jakarta.annotation-api-1.3.5.jar;C:\Users\Sabinesh V\AppData\Local\Programs\Python\Python38\Lib\site-packages\pyspark\bin\..\jars\jakarta.inject-2.6.1.jar;C:\Users\Sabinesh V\AppData\Local\Programs\Python\Python38\Lib\site-packages\pyspark\bin\..\jars\jakarta.servlet-api-4.0.3.jar;C:\Users\Sabinesh V\AppData\Local\Programs\Python\Python38\Lib\site-packages\pyspark\bin\..\jars\jakarta.validation-api-2.0.2.jar;C:\Users\Sabinesh V\AppData\Local\Programs\Python\Python38\Lib\site-packages\pyspark\bin\..\jars\jakarta.ws.rs-api-2.1.6.jar;C:\Users\Sabinesh V\AppData\Local\Programs\Python\Python38\Lib\site-packages\pyspark\bin\..\jars\jakarta.xml.bind-api-2.3.2.jar;C:\Users\Sabinesh V\AppData\Local\Programs\Python\Python38\Lib\site-packages\pyspark\bin\..\jars\janino-3.1.9.jar;C:\Users\Sabinesh V\AppData\Local\Programs\Python\Python38\Lib\site-packages\pyspark\bin\..\jars\javassist-3.29.2-GA.jar;C:\Users\Sabinesh V\AppData\Local\Programs\Python\Python38\Lib\site-packages\pyspark\bin\..\jars\javax.jdo-3.2.0-m3.jar;C:\Users\Sabinesh V\AppData\Local\Programs\Python\Python38\Lib\site-packages\pyspark\bin\..\jars\javolution-5.5.1.jar;C:\Users\Sabinesh V\AppData\Local\Programs\Python\Python38\Lib\site-packages\pyspark\bin\..\jars\jaxb-runtime-2.3.2.jar;C:\Users\Sabinesh V\AppData\Local\Programs\Python\Python38\Lib\site-packages\pyspark\bin\..\jars\jcl-over-slf4j-2.0.7.jar;C:\Users\Sabinesh V\AppData\Local\Programs\Python\Python38\Lib\site-packages\pyspark\bin\..\jars\jdo-api-3.0.1.jar;C:\Users\Sabinesh V\AppData\Local\Programs\Python\Python38\Lib\site-packages\pyspark\bin\..\jars\jersey-client-2.40.jar;C:\Users\Sabinesh V\AppData\Local\Programs\Python\Python38\Lib\site-packages\pyspark\bin\..\jars\jersey-common-2.40.jar;C:\Users\Sabinesh V\AppData\Local\Programs\Python\Python38\Lib\site-packages\pyspark\bin\..\jars\jersey-container-servlet-2.40.jar;C:\Users\Sabinesh V\AppData\Local\Programs\Python\Python38\Lib\site-packages\pyspark\bin\..\jars\jersey-container-servlet-core-2.40.jar;C:\Users\Sabinesh V\AppData\Local\Programs\Python\Python38\Lib\site-packages\pyspark\bin\..\jars\jersey-hk2-2.40.jar;C:\Users\Sabinesh V\AppData\Local\Programs\Python\Python38\Lib\site-packages\pyspark\bin\..\jars\jersey-server-2.40.jar;C:\Users\Sabinesh V\AppData\Local\Programs\Python\Python38\Lib\site-packages\pyspark\bin\..\jars\JLargeArrays-1.5.jar;C:\Users\Sabinesh V\AppData\Local\Programs\Python\Python38\Lib\site-packages\pyspark\bin\..\jars\jline-2.14.6.jar;C:\Users\Sabinesh V\AppData\Local\Programs\Python\Python38\Lib\site-packages\pyspark\bin\..\jars\joda-time-2.12.5.jar;C:\Users\Sabinesh V\AppData\Local\Programs\Python\Python38\Lib\site-packages\pyspark\bin\..\jars\jodd-core-3.5.2.jar;C:\Users\Sabinesh V\AppData\Local\Programs\Python\Python38\Lib\site-packages\pyspark\bin\..\jars\jpam-1.1.jar;C:\Users\Sabinesh V\AppData\Local\Programs\Python\Python38\Lib\site-packages\pyspark\bin\..\jars\json-1.8.jar;C:\Users\Sabinesh V\AppData\Local\Programs\Python\Python38\Lib\site-packages\pyspark\bin\..\jars\json4s-ast_2.12-3.7.0-M11.jar;C:\Users\Sabinesh V\AppData\Local\Programs\Python\Python38\Lib\site-packages\pyspark\bin\..\jars\json4s-core_2.12-3.7.0-M11.jar;C:\Users\Sabinesh V\AppData\Local\Programs\Python\Python38\Lib\site-packages\pyspark\bin\..\jars\json4s-jackson_2.12-3.7.0-M11.jar;C:\Users\Sabinesh V\AppData\Local\Programs\Python\Python38\Lib\site-packages\pyspark\bin\..\jars\json4s-scalap_2.12-3.7.0-M11.jar;C:\Users\Sabinesh V\AppData\Local\Programs\Python\Python38\Lib\site-packages\pyspark\bin\..\jars\jsr305-3.0.0.jar;C:\Users\Sabinesh V\AppData\Local\Programs\Python\Python38\Lib\site-packages\pyspark\bin\..\jars\jta-1.1.jar;C:\Users\Sabinesh V\AppData\Local\Programs\Python\Python38\Lib\site-packages\pyspark\bin\..\jars\JTransforms-3.1.jar;C:\Users\Sabinesh V\AppData\Local\Programs\Python\Python38\Lib\site-packages\pyspark\bin\..\jars\jul-to-slf4j-2.0.7.jar;C:\Users\Sabinesh V\AppData\Local\Programs\Python\Python38\Lib\site-packages\pyspark\bin\..\jars\kryo-shaded-4.0.2.jar;C:\Users\Sabinesh V\AppData\Local\Programs\Python\Python38\Lib\site-packages\pyspark\bin\..\jars\kubernetes-client-6.7.2.jar;C:\Users\Sabinesh V\AppData\Local\Programs\Python\Python38\Lib\site-packages\pyspark\bin\..\jars\kubernetes-client-api-6.7.2.jar;C:\Users\Sabinesh V\AppData\Local\Programs\Python\Python38\Lib\site-packages\pyspark\bin\..\jars\kubernetes-httpclient-okhttp-6.7.2.jar;C:\Users\Sabinesh V\AppData\Local\Programs\Python\Python38\Lib\site-packages\pyspark\bin\..\jars\kubernetes-model-admissionregistration-6.7.2.jar;C:\Users\Sabinesh V\AppData\Local\Programs\Python\Python38\Lib\site-packages\pyspark\bin\..\jars\kubernetes-model-apiextensions-6.7.2.jar;C:\Users\Sabinesh V\AppData\Local\Programs\Python\Python38\Lib\site-packages\pyspark\bin\..\jars\kubernetes-model-apps-6.7.2.jar;C:\Users\Sabinesh V\AppData\Local\Programs\Python\Python38\Lib\site-packages\pyspark\bin\..\jars\kubernetes-model-autoscaling-6.7.2.jar;C:\Users\Sabinesh V\AppData\Local\Programs\Python\Python38\Lib\site-packages\pyspark\bin\..\jars\kubernetes-model-batch-6.7.2.jar;C:\Users\Sabinesh V\AppData\Local\Programs\Python\Python38\Lib\site-packages\pyspark\bin\..\jars\kubernetes-model-certificates-6.7.2.jar;C:\Users\Sabinesh V\AppData\Local\Programs\Python\Python38\Lib\site-packages\pyspark\bin\..\jars\kubernetes-model-common-6.7.2.jar;C:\Users\Sabinesh V\AppData\Local\Programs\Python\Python38\Lib\site-packages\pyspark\bin\..\jars\kubernetes-model-coordination-6.7.2.jar;C:\Users\Sabinesh V\AppData\Local\Programs\Python\Python38\Lib\site-packages\pyspark\bin\..\jars\kubernetes-model-core-6.7.2.jar;C:\Users\Sabinesh V\AppData\Local\Programs\Python\Python38\Lib\site-packages\pyspark\bin\..\jars\kubernetes-model-discovery-6.7.2.jar;C:\Users\Sabinesh V\AppData\Local\Programs\Python\Python38\Lib\site-packages\pyspark\bin\..\jars\kubernetes-model-events-6.7.2.jar;C:\Users\Sabinesh V\AppData\Local\Programs\Python\Python38\Lib\site-packages\pyspark\bin\..\jars\kubernetes-model-extensions-6.7.2.jar;C:\Users\Sabinesh V\AppData\Local\Programs\Python\Python38\Lib\site-packages\pyspark\bin\..\jars\kubernetes-model-flowcontrol-6.7.2.jar;C:\Users\Sabinesh V\AppData\Local\Programs\Python\Python38\Lib\site-packages\pyspark\bin\..\jars\kubernetes-model-gatewayapi-6.7.2.jar;C:\Users\Sabinesh V\AppData\Local\Programs\Python\Python38\Lib\site-packages\pyspark\bin\..\jars\kubernetes-model-metrics-6.7.2.jar;C:\Users\Sabinesh V\AppData\Local\Programs\Python\Python38\Lib\site-packages\pyspark\bin\..\jars\kubernetes-model-networking-6.7.2.jar;C:\Users\Sabinesh V\AppData\Local\Programs\Python\Python38\Lib\site-packages\pyspark\bin\..\jars\kubernetes-model-node-6.7.2.jar;C:\Users\Sabinesh V\AppData\Local\Programs\Python\Python38\Lib\site-packages\pyspark\bin\..\jars\kubernetes-model-policy-6.7.2.jar;C:\Users\Sabinesh V\AppData\Local\Programs\Python\Python38\Lib\site-packages\pyspark\bin\..\jars\kubernetes-model-rbac-6.7.2.jar;C:\Users\Sabinesh V\AppData\Local\Programs\Python\Python38\Lib\site-packages\pyspark\bin\..\jars\kubernetes-model-resource-6.7.2.jar;C:\Users\Sabinesh V\AppData\Local\Programs\Python\Python38\Lib\site-packages\pyspark\bin\..\jars\kubernetes-model-scheduling-6.7.2.jar;C:\Users\Sabinesh V\AppData\Local\Programs\Python\Python38\Lib\site-packages\pyspark\bin\..\jars\kubernetes-model-storageclass-6.7.2.jar;C:\Users\Sabinesh V\AppData\Local\Programs\Python\Python38\Lib\site-packages\pyspark\bin\..\jars\lapack-3.0.3.jar;C:\Users\Sabinesh V\AppData\Local\Programs\Python\Python38\Lib\site-packages\pyspark\bin\..\jars\leveldbjni-all-1.8.jar;C:\Users\Sabinesh V\AppData\Local\Programs\Python\Python38\Lib\site-packages\pyspark\bin\..\jars\libfb303-0.9.3.jar;C:\Users\Sabinesh V\AppData\Local\Programs\Python\Python38\Lib\site-packages\pyspark\bin\..\jars\libthrift-0.12.0.jar;C:\Users\Sabinesh V\AppData\Local\Programs\Python\Python38\Lib\site-packages\pyspark\bin\..\jars\log4j-1.2-api-2.20.0.jar;C:\Users\Sabinesh V\AppData\Local\Programs\Python\Python38\Lib\site-packages\pyspark\bin\..\jars\log4j-api-2.20.0.jar;C:\Users\Sabinesh V\AppData\Local\Programs\Python\Python38\Lib\site-packages\pyspark\bin\..\jars\log4j-core-2.20.0.jar;C:\Users\Sabinesh V\AppData\Local\Programs\Python\Python38\Lib\site-packages\pyspark\bin\..\jars\log4j-slf4j2-impl-2.20.0.jar;C:\Users\Sabinesh V\AppData\Local\Programs\Python\Python38\Lib\site-packages\pyspark\bin\..\jars\logging-interceptor-3.12.12.jar;C:\Users\Sabinesh V\AppData\Local\Programs\Python\Python38\Lib\site-packages\pyspark\bin\..\jars\lz4-java-1.8.0.jar;C:\Users\Sabinesh V\AppData\Local\Programs\Python\Python38\Lib\site-packages\pyspark\bin\..\jars\mesos-1.4.3-shaded-protobuf.jar;C:\Users\Sabinesh V\AppData\Local\Programs\Python\Python38\Lib\site-packages\pyspark\bin\..\jars\metrics-core-4.2.19.jar;C:\Users\Sabinesh V\AppData\Local\Programs\Python\Python38\Lib\site-packages\pyspark\bin\..\jars\metrics-graphite-4.2.19.jar;C:\Users\Sabinesh V\AppData\Local\Programs\Python\Python38\Lib\site-packages\pyspark\bin\..\jars\metrics-jmx-4.2.19.jar;C:\Users\Sabinesh V\AppData\Local\Programs\Python\Python38\Lib\site-packages\pyspark\bin\..\jars\metrics-json-4.2.19.jar;C:\Users\Sabinesh V\AppData\Local\Programs\Python\Python38\Lib\site-packages\pyspark\bin\..\jars\metrics-jvm-4.2.19.jar;C:\Users\Sabinesh V\AppData\Local\Programs\Python\Python38\Lib\site-packages\pyspark\bin\..\jars\minlog-1.3.0.jar;C:\Users\Sabinesh V\AppData\Local\Programs\Python\Python38\Lib\site-packages\pyspark\bin\..\jars\netty-all-4.1.96.Final.jar;C:\Users\Sabinesh V\AppData\Local\Programs\Python\Python38\Lib\site-packages\pyspark\bin\..\jars\netty-buffer-4.1.96.Final.jar;C:\Users\Sabinesh V\AppData\Local\Programs\Python\Python38\Lib\site-packages\pyspark\bin\..\jars\netty-codec-4.1.96.Final.jar;C:\Users\Sabinesh V\AppData\Local\Programs\Python\Python38\Lib\site-packages\pyspark\bin\..\jars\netty-codec-http-4.1.96.Final.jar;C:\Users\Sabinesh V\AppData\Local\Programs\Python\Python38\Lib\site-packages\pyspark\bin\..\jars\netty-codec-http2-4.1.96.Final.jar;C:\Users\Sabinesh V\AppData\Local\Programs\Python\Python38\Lib\site-packages\pyspark\bin\..\jars\netty-codec-socks-4.1.96.Final.jar;C:\Users\Sabinesh V\AppData\Local\Programs\Python\Python38\Lib\site-packages\pyspark\bin\..\jars\netty-common-4.1.96.Final.jar;C:\Users\Sabinesh V\AppData\Local\Programs\Python\Python38\Lib\site-packages\pyspark\bin\..\jars\netty-handler-4.1.96.Final.jar;C:\Users\Sabinesh V\AppData\Local\Programs\Python\Python38\Lib\site-packages\pyspark\bin\..\jars\netty-handler-proxy-4.1.96.Final.jar;C:\Users\Sabinesh V\AppData\Local\Programs\Python\Python38\Lib\site-packages\pyspark\bin\..\jars\netty-resolver-4.1.96.Final.jar;C:\Users\Sabinesh V\AppData\Local\Programs\Python\Python38\Lib\site-packages\pyspark\bin\..\jars\netty-transport-4.1.96.Final.jar;C:\Users\Sabinesh V\AppData\Local\Programs\Python\Python38\Lib\site-packages\pyspark\bin\..\jars\netty-transport-classes-epoll-4.1.96.Final.jar;C:\Users\Sabinesh V\AppData\Local\Programs\Python\Python38\Lib\site-packages\pyspark\bin\..\jars\netty-transport-classes-kqueue-4.1.96.Final.jar;C:\Users\Sabinesh V\AppData\Local\Programs\Python\Python38\Lib\site-packages\pyspark\bin\..\jars\netty-transport-native-epoll-4.1.96.Final-linux-aarch_64.jar;C:\Users\Sabinesh V\AppData\Local\Programs\Python\Python38\Lib\site-packages\pyspark\bin\..\jars\netty-transport-native-epoll-4.1.96.Final-linux-x86_64.jar;C:\Users\Sabinesh V\AppData\Local\Programs\Python\Python38\Lib\site-packages\pyspark\bin\..\jars\netty-transport-native-kqueue-4.1.96.Final-osx-aarch_64.jar;C:\Users\Sabinesh V\AppData\Local\Programs\Python\Python38\Lib\site-packages\pyspark\bin\..\jars\netty-transport-native-kqueue-4.1.96.Final-osx-x86_64.jar;C:\Users\Sabinesh V\AppData\Local\Programs\Python\Python38\Lib\site-packages\pyspark\bin\..\jars\netty-transport-native-unix-common-4.1.96.Final.jar;C:\Users\Sabinesh V\AppData\Local\Programs\Python\Python38\Lib\site-packages\pyspark\bin\..\jars\objenesis-3.3.jar;C:\Users\Sabinesh V\AppData\Local\Programs\Python\Python38\Lib\site-packages\pyspark\bin\..\jars\okhttp-3.12.12.jar;C:\Users\Sabinesh V\AppData\Local\Programs\Python\Python38\Lib\site-packages\pyspark\bin\..\jars\okio-1.15.0.jar;C:\Users\Sabinesh V\AppData\Local\Programs\Python\Python38\Lib\site-packages\pyspark\bin\..\jars\opencsv-2.3.jar;C:\Users\Sabinesh V\AppData\Local\Programs\Python\Python38\Lib\site-packages\pyspark\bin\..\jars\orc-core-1.9.1-shaded-protobuf.jar;C:\Users\Sabinesh V\AppData\Local\Programs\Python\Python38\Lib\site-packages\pyspark\bin\..\jars\orc-mapreduce-1.9.1-shaded-protobuf.jar;C:\Users\Sabinesh V\AppData\Local\Programs\Python\Python38\Lib\site-packages\pyspark\bin\..\jars\orc-shims-1.9.1.jar;C:\Users\Sabinesh V\AppData\Local\Programs\Python\Python38\Lib\site-packages\pyspark\bin\..\jars\oro-2.0.8.jar;C:\Users\Sabinesh V\AppData\Local\Programs\Python\Python38\Lib\site-packages\pyspark\bin\..\jars\osgi-resource-locator-1.0.3.jar;C:\Users\Sabinesh V\AppData\Local\Programs\Python\Python38\Lib\site-packages\pyspark\bin\..\jars\paranamer-2.8.jar;C:\Users\Sabinesh V\AppData\Local\Programs\Python\Python38\Lib\site-packages\pyspark\bin\..\jars\parquet-column-1.13.1.jar;C:\Users\Sabinesh V\AppData\Local\Programs\Python\Python38\Lib\site-packages\pyspark\bin\..\jars\parquet-common-1.13.1.jar;C:\Users\Sabinesh V\AppData\Local\Programs\Python\Python38\Lib\site-packages\pyspark\bin\..\jars\parquet-encoding-1.13.1.jar;C:\Users\Sabinesh V\AppData\Local\Programs\Python\Python38\Lib\site-packages\pyspark\bin\..\jars\parquet-format-structures-1.13.1.jar;C:\Users\Sabinesh V\AppData\Local\Programs\Python\Python38\Lib\site-packages\pyspark\bin\..\jars\parquet-hadoop-1.13.1.jar;C:\Users\Sabinesh V\AppData\Local\Programs\Python\Python38\Lib\site-packages\pyspark\bin\..\jars\parquet-jackson-1.13.1.jar;C:\Users\Sabinesh V\AppData\Local\Programs\Python\Python38\Lib\site-packages\pyspark\bin\..\jars\pickle-1.3.jar;C:\Users\Sabinesh V\AppData\Local\Programs\Python\Python38\Lib\site-packages\pyspark\bin\..\jars\py4j-0.10.9.7.jar;C:\Users\Sabinesh V\AppData\Local\Programs\Python\Python38\Lib\site-packages\pyspark\bin\..\jars\RoaringBitmap-0.9.45.jar;C:\Users\Sabinesh V\AppData\Local\Programs\Python\Python38\Lib\site-packages\pyspark\bin\..\jars\rocksdbjni-8.3.2.jar;C:\Users\Sabinesh V\AppData\Local\Programs\Python\Python38\Lib\site-packages\pyspark\bin\..\jars\scala-collection-compat_2.12-2.7.0.jar;C:\Users\Sabinesh V\AppData\Local\Programs\Python\Python38\Lib\site-packages\pyspark\bin\..\jars\scala-compiler-2.12.18.jar;C:\Users\Sabinesh V\AppData\Local\Programs\Python\Python38\Lib\site-packages\pyspark\bin\..\jars\scala-library-2.12.18.jar;C:\Users\Sabinesh V\AppData\Local\Programs\Python\Python38\Lib\site-packages\pyspark\bin\..\jars\scala-parser-combinators_2.12-2.3.0.jar;C:\Users\Sabinesh V\AppData\Local\Programs\Python\Python38\Lib\site-packages\pyspark\bin\..\jars\scala-reflect-2.12.18.jar;C:\Users\Sabinesh V\AppData\Local\Programs\Python\Python38\Lib\site-packages\pyspark\bin\..\jars\scala-xml_2.12-2.1.0.jar;C:\Users\Sabinesh V\AppData\Local\Programs\Python\Python38\Lib\site-packages\pyspark\bin\..\jars\shims-0.9.45.jar;C:\Users\Sabinesh V\AppData\Local\Programs\Python\Python38\Lib\site-packages\pyspark\bin\..\jars\slf4j-api-2.0.7.jar;C:\Users\Sabinesh V\AppData\Local\Programs\Python\Python38\Lib\site-packages\pyspark\bin\..\jars\snakeyaml-2.0.jar;C:\Users\Sabinesh V\AppData\Local\Programs\Python\Python38\Lib\site-packages\pyspark\bin\..\jars\snakeyaml-engine-2.6.jar;C:\Users\Sabinesh V\AppData\Local\Programs\Python\Python38\Lib\site-packages\pyspark\bin\..\jars\snappy-java-1.1.10.3.jar;C:\Users\Sabinesh V\AppData\Local\Programs\Python\Python38\Lib\site-packages\pyspark\bin\..\jars\spark-catalyst_2.12-3.5.0.jar;C:\Users\Sabinesh V\AppData\Local\Programs\Python\Python38\Lib\site-packages\pyspark\bin\..\jars\spark-common-utils_2.12-3.5.0.jar;C:\Users\Sabinesh V\AppData\Local\Programs\Python\Python38\Lib\site-packages\pyspark\bin\..\jars\spark-core_2.12-3.5.0.jar;C:\Users\Sabinesh V\AppData\Local\Programs\Python\Python38\Lib\site-packages\pyspark\bin\..\jars\spark-graphx_2.12-3.5.0.jar;C:\Users\Sabinesh V\AppData\Local\Programs\Python\Python38\Lib\site-packages\pyspark\bin\..\jars\spark-hive-thriftserver_2.12-3.5.0.jar;C:\Users\Sabinesh V\AppData\Local\Programs\Python\Python38\Lib\site-packages\pyspark\bin\..\jars\spark-hive_2.12-3.5.0.jar;C:\Users\Sabinesh V\AppData\Local\Programs\Python\Python38\Lib\site-packages\pyspark\bin\..\jars\spark-kubernetes_2.12-3.5.0.jar;C:\Users\Sabinesh V\AppData\Local\Programs\Python\Python38\Lib\site-packages\pyspark\bin\..\jars\spark-kvstore_2.12-3.5.0.jar;C:\Users\Sabinesh V\AppData\Local\Programs\Python\Python38\Lib\site-packages\pyspark\bin\..\jars\spark-launcher_2.12-3.5.0.jar;C:\Users\Sabinesh V\AppData\Local\Programs\Python\Python38\Lib\site-packages\pyspark\bin\..\jars\spark-mesos_2.12-3.5.0.jar;C:\Users\Sabinesh V\AppData\Local\Programs\Python\Python38\Lib\site-packages\pyspark\bin\..\jars\spark-mllib-local_2.12-3.5.0.jar;C:\Users\Sabinesh V\AppData\Local\Programs\Python\Python38\Lib\site-packages\pyspark\bin\..\jars\spark-mllib_2.12-3.5.0.jar;C:\Users\Sabinesh V\AppData\Local\Programs\Python\Python38\Lib\site-packages\pyspark\bin\..\jars\spark-network-common_2.12-3.5.0.jar;C:\Users\Sabinesh V\AppData\Local\Programs\Python\Python38\Lib\site-packages\pyspark\bin\..\jars\spark-network-shuffle_2.12-3.5.0.jar;C:\Users\Sabinesh V\AppData\Local\Programs\Python\Python38\Lib\site-packages\pyspark\bin\..\jars\spark-repl_2.12-3.5.0.jar;C:\Users\Sabinesh V\AppData\Local\Programs\Python\Python38\Lib\site-packages\pyspark\bin\..\jars\spark-sketch_2.12-3.5.0.jar;C:\Users\Sabinesh V\AppData\Local\Programs\Python\Python38\Lib\site-packages\pyspark\bin\..\jars\spark-sql-api_2.12-3.5.0.jar;C:\Users\Sabinesh V\AppData\Local\Programs\Python\Python38\Lib\site-packages\pyspark\bin\..\jars\spark-sql_2.12-3.5.0.jar;C:\Users\Sabinesh V\AppData\Local\Programs\Python\Python38\Lib\site-packages\pyspark\bin\..\jars\spark-streaming_2.12-3.5.0.jar;C:\Users\Sabinesh V\AppData\Local\Programs\Python\Python38\Lib\site-packages\pyspark\bin\..\jars\spark-tags_2.12-3.5.0.jar;C:\Users\Sabinesh V\AppData\Local\Programs\Python\Python38\Lib\site-packages\pyspark\bin\..\jars\spark-unsafe_2.12-3.5.0.jar;C:\Users\Sabinesh V\AppData\Local\Programs\Python\Python38\Lib\site-packages\pyspark\bin\..\jars\spark-yarn_2.12-3.5.0.jar;C:\Users\Sabinesh V\AppData\Local\Programs\Python\Python38\Lib\site-packages\pyspark\bin\..\jars\spire-macros_2.12-0.17.0.jar;C:\Users\Sabinesh V\AppData\Local\Programs\Python\Python38\Lib\site-packages\pyspark\bin\..\jars\spire-platform_2.12-0.17.0.jar;C:\Users\Sabinesh V\AppData\Local\Programs\Python\Python38\Lib\site-packages\pyspark\bin\..\jars\spire-util_2.12-0.17.0.jar;C:\Users\Sabinesh V\AppData\Local\Programs\Python\Python38\Lib\site-packages\pyspark\bin\..\jars\spire_2.12-0.17.0.jar;C:\Users\Sabinesh V\AppData\Local\Programs\Python\Python38\Lib\site-packages\pyspark\bin\..\jars\ST4-4.0.4.jar;C:\Users\Sabinesh V\AppData\Local\Programs\Python\Python38\Lib\site-packages\pyspark\bin\..\jars\stax-api-1.0.1.jar;C:\Users\Sabinesh V\AppData\Local\Programs\Python\Python38\Lib\site-packages\pyspark\bin\..\jars\stream-2.9.6.jar;C:\Users\Sabinesh V\AppData\Local\Programs\Python\Python38\Lib\site-packages\pyspark\bin\..\jars\super-csv-2.2.0.jar;C:\Users\Sabinesh V\AppData\Local\Programs\Python\Python38\Lib\site-packages\pyspark\bin\..\jars\threeten-extra-1.7.1.jar;C:\Users\Sabinesh V\AppData\Local\Programs\Python\Python38\Lib\site-packages\pyspark\bin\..\jars\tink-1.9.0.jar;C:\Users\Sabinesh V\AppData\Local\Programs\Python\Python38\Lib\site-packages\pyspark\bin\..\jars\transaction-api-1.1.jar;C:\Users\Sabinesh V\AppData\Local\Programs\Python\Python38\Lib\site-packages\pyspark\bin\..\jars\univocity-parsers-2.9.1.jar;C:\Users\Sabinesh V\AppData\Local\Programs\Python\Python38\Lib\site-packages\pyspark\bin\..\jars\xbean-asm9-shaded-4.23.jar;C:\Users\Sabinesh V\AppData\Local\Programs\Python\Python38\Lib\site-packages\pyspark\bin\..\jars\xz-1.9.jar;C:\Users\Sabinesh V\AppData\Local\Programs\Python\Python38\Lib\site-packages\pyspark\bin\..\jars\zjsonpatch-0.3.0.jar;C:\Users\Sabinesh V\AppData\Local\Programs\Python\Python38\Lib\site-packages\pyspark\bin\..\jars\zookeeper-3.6.3.jar;C:\Users\Sabinesh V\AppData\Local\Programs\Python\Python38\Lib\site-packages\pyspark\bin\..\jars\zookeeper-jute-3.6.3.jar;C:\Users\Sabinesh V\AppData\Local\Programs\Python\Python38\Lib\site-packages\pyspark\bin\..\jars\zstd-jni-1.5.5-4.jar
Launcher Type: SUN_STANDARD

[Global flags]
     intx CICompilerCount                          = 4                                         {product} {ergonomic}
     uint ConcGCThreads                            = 3                                         {product} {ergonomic}
     uint G1ConcRefinementThreads                  = 10                                        {product} {ergonomic}
   size_t G1HeapRegionSize                         = 1048576                                   {product} {ergonomic}
    uintx GCDrainStackTargetSize                   = 64                                        {product} {ergonomic}
     bool IgnoreUnrecognizedVMOptions              = true                                      {product} {command line}
   size_t InitialHeapSize                          = 130023424                                 {product} {ergonomic}
   size_t MarkStackSize                            = 4194304                                   {product} {ergonomic}
   size_t MaxHeapSize                              = 1073741824                                {product} {command line}
   size_t MaxNewSize                               = 643825664                                 {product} {ergonomic}
   size_t MinHeapDeltaBytes                        = 1048576                                   {product} {ergonomic}
   size_t MinHeapSize                              = 8388608                                   {product} {ergonomic}
    uintx NonNMethodCodeHeapSize                   = 5839372                                {pd product} {ergonomic}
    uintx NonProfiledCodeHeapSize                  = 122909434                              {pd product} {ergonomic}
    uintx ProfiledCodeHeapSize                     = 122909434                              {pd product} {ergonomic}
    uintx ReservedCodeCacheSize                    = 251658240                              {pd product} {ergonomic}
     bool SegmentedCodeCache                       = true                                      {product} {ergonomic}
   size_t SoftMaxHeapSize                          = 1073741824                             {manageable} {ergonomic}
     bool UseCompressedOops                        = true                           {product lp64_product} {ergonomic}
     bool UseG1GC                                  = true                                      {product} {ergonomic}
     bool UseLargePagesIndividualAllocation        = false                                  {pd product} {ergonomic}

Logging:
Log output configuration:
 #0: stdout all=warning uptime,level,tags foldmultilines=false
 #1: stderr all=off uptime,level,tags foldmultilines=false

Environment Variables:
PATH=C:\Users\Sabinesh V\AppData\Local\Programs\Microsoft VS Code;C:\Program Files\Common Files\Oracle\Java\javapath;C:\Windows\system32;C:\Windows;C:\Windows\System32\Wbem;C:\Windows\System32\WindowsPowerShell\v1.0\;C:\Windows\System32\OpenSSH\;C:\Program Files (x86)\NVIDIA Corporation\PhysX\Common;C:\Program Files\NVIDIA Corporation\NVIDIA NvDLISR;C:\Program Files\PuTTY\;C:\Program Files\Git\cmd;C:\Program Files\nodejs\;C:\ProgramData\chocolatey\bin;C:\WINDOWS\system32;C:\WINDOWS;C:\WINDOWS\System32\Wbem;C:\WINDOWS\System32\WindowsPowerShell\v1.0\;C:\WINDOWS\System32\OpenSSH\;C:\Program Files\dotnet\;C:\Program Files\Microsoft SQL Server\150\Tools\Binn\;C:\Program Files\Microsoft SQL Server\Client SDK\ODBC\170\Tools\Binn\;C:\Program Files (x86)\Microsoft SQL Server\150\Tools\Binn\;C:\Program Files\Microsoft SQL Server\150\DTS\Binn\;C:\Program Files\Docker\Docker\resources\bin;C:\hadoop\bin;C:\Users\Sabinesh V\AppData\Local\Programs\Python\Python38\Scripts\;C:\Users\Sabinesh V\AppData\Local\Programs\Python\Python38\;C:\Users\Sabinesh V\AppData\Local\Microsoft\WindowsApps;C:\Users\Sabinesh V\AppData\Local\Programs\Microsoft VS Code\bin;C:\Users\Sabinesh V\AppData\Roaming\npm;C:\Users\Sabinesh V\.dotnet\tools;C:\Users\Sabinesh V\AppData\Local\Programs\cursor\resources\app\bin;C:\Program Files (x86)\MongoDB Atlas CLI\;c:\Users\Sabinesh V\.vscode\extensions\ms-python.debugpy-2025.18.0-win32-x64\bundled\scripts\noConfigScripts
USERNAME=Sabinesh V
LANG=en_US.UTF-8
OS=Windows_NT
PROCESSOR_IDENTIFIER=Intel64 Family 6 Model 141 Stepping 1, GenuineIntel
TMP=C:\Users\SABINE~1\AppData\Local\Temp
TEMP=C:\Users\SABINE~1\AppData\Local\Temp




Periodic native trim disabled

---------------  S Y S T E M  ---------------

OS:
 Windows 11 , 64 bit Build 26100 (10.0.26100.7920)
OS uptime: 0 days 0:37 hours
Hyper-V role detected

CPU: total 12 (initial active 12) (6 cores per cpu, 2 threads per core) family 6 model 141 stepping 1 microcode 0x50, cx8, cmov, fxsr, ht, mmx, 3dnowpref, sse, sse2, sse3, ssse3, sse4.1, sse4.2, popcnt, lzcnt, tsc, tscinvbit, avx, avx2, aes, erms, clmul, bmi1, bmi2, adx, avx512f, avx512dq, avx512cd, avx512bw, avx512vl, sha, fma, vzeroupper, avx512_vpopcntdq, avx512_vpclmulqdq, avx512_vaes, avx512_vnni, clflush, clflushopt, clwb, avx512_vbmi2, avx512_vbmi, hv, rdtscp, rdpid, fsrm, gfni, avx512_bitalg, f16c, cet_ibt, cet_ss, avx512_ifma
Processor Information for processor 0
  Max Mhz: 2688, Current Mhz: 2688, Mhz Limit: 2688
Processor Information for processor 1
  Max Mhz: 2688, Current Mhz: 2688, Mhz Limit: 2688
Processor Information for processor 2
  Max Mhz: 2688, Current Mhz: 2688, Mhz Limit: 2688
Processor Information for processor 3
  Max Mhz: 2688, Current Mhz: 995, Mhz Limit: 2688
Processor Information for processor 4
  Max Mhz: 2688, Current Mhz: 2688, Mhz Limit: 2688
Processor Information for processor 5
  Max Mhz: 2688, Current Mhz: 995, Mhz Limit: 2688
Processor Information for processor 6
  Max Mhz: 2688, Current Mhz: 2688, Mhz Limit: 2688
Processor Information for processor 7
  Max Mhz: 2688, Current Mhz: 2688, Mhz Limit: 2688
Processor Information for processor 8
  Max Mhz: 2688, Current Mhz: 2688, Mhz Limit: 2688
Processor Information for processor 9
  Max Mhz: 2688, Current Mhz: 2688, Mhz Limit: 2688
Processor Information for processor 10
  Max Mhz: 2688, Current Mhz: 2688, Mhz Limit: 2688
Processor Information for processor 11
  Max Mhz: 2688, Current Mhz: 995, Mhz Limit: 2688

Memory: 4k page, system-wide physical 7914M (1061M free)
TotalPageFile size 21809M (AvailPageFile size 3M)
current process WorkingSet (physical memory assigned to process): 131M, peak: 131M
current process commit charge ("private bytes"): 255M, peak: 255M

vm_info: Java HotSpot(TM) 64-Bit Server VM (21.0.7+8-LTS-245) for windows-amd64 JRE (21.0.7+8-LTS-245), built on 2025-02-21T05:11:27Z by "mach5one" with MS VC++ 17.6 (VS2022)

END.
